

Microchip MPLAB XC8 Assembler V2.50 build 20240725155939 
                                                                                               Fri Jan 03 09:41:20 2025

Microchip MPLAB XC8 C Compiler v2.50 (Free license) build 20240725155939 Og1 
     1                           	processor	18F4580
     2                           	fnconf	rparam,??,?,0
     3                           	pagewidth 120
     4                           	opt	flic
     5                           	psect	idataCOMRAM,global,class=CODE,space=0,delta=1,noexec
     6                           	psect	cinit,global,reloc=2,class=CODE,space=0,delta=1
     7                           	psect	bssCOMRAM,global,class=COMRAM,space=1,delta=1,lowdata,noexec
     8                           	psect	dataCOMRAM,global,class=COMRAM,space=1,delta=1,lowdata,noexec
     9                           	psect	cstackCOMRAM,global,class=COMRAM,space=1,delta=1,lowdata,noexec
    10                           	psect	text0,global,reloc=2,class=CODE,space=0,delta=1
    11                           	psect	text1,global,reloc=2,class=CODE,space=0,delta=1
    12                           	psect	text2,global,reloc=2,class=CODE,space=0,delta=1
    13                           	psect	smallconst,global,reloc=2,class=SMALLCONST,space=0,delta=1,noexec
    14                           	psect	intsave_regs,global,class=BIGRAM,space=1,delta=1,noexec
    15                           	psect	rparam,global,class=COMRAM,space=1,delta=1,noexec
    16                           	psect	idloc,global,abs,ovrld,class=IDLOC,space=5,delta=1,noexec
    17                           	psect	config,global,abs,ovrld,class=CONFIG,space=4,delta=1,noexec
    18   000000                     
    19                           ; Generated 23/03/2023 GMT
    20                           ; 
    21                           ; Copyright © 2023, Microchip Technology Inc. and its subsidiaries ("Microchip")
    22                           ; All rights reserved.
    23                           ; 
    24                           ; This software is developed by Microchip Technology Inc. and its subsidiaries ("Microch
      +                          ip").
    25                           ; 
    26                           ; Redistribution and use in source and binary forms, with or without modification, are
    27                           ; permitted provided that the following conditions are met:
    28                           ; 
    29                           ;     1. Redistributions of source code must retain the above copyright notice, this lis
      +                          t of
    30                           ;        conditions and the following disclaimer.
    31                           ; 
    32                           ;     2. Redistributions in binary form must reproduce the above copyright notice, this 
      +                          list
    33                           ;        of conditions and the following disclaimer in the documentation and/or other
    34                           ;        materials provided with the distribution. Publication is not required when
    35                           ;        this file is used in an embedded application.
    36                           ; 
    37                           ;     3. Microchip's name may not be used to endorse or promote products derived from th
      +                          is
    38                           ;        software without specific prior written permission.
    39                           ; 
    40                           ; THIS SOFTWARE IS PROVIDED BY MICROCHIP "AS IS" AND ANY EXPRESS OR IMPLIED WARRANTIES,
    41                           ; INCLUDING, BUT NOT LIMITED TO, THE IMPLIED WARRANTIES OF MERCHANTABILITY AND FITNESS F
      +                          OR
    42                           ; PURPOSE ARE DISCLAIMED.  IN NO EVENT SHALL MICROCHIP BE LIABLE FOR ANY DIRECT, INDIREC
      +                          T,
    43                           ; INCIDENTAL, SPECIAL, EXEMPLARY, OR CONSEQUENTIAL DAMAGES (INCLUDING BUT NOT LIMITED TO
    44                           ; PROCUREMENT OF SUBSTITUTE GOODS OR SERVICES; LOSS OF USE, DATA OR PROFITS; OR BUSINESS
    45                           ; INTERRUPTION) HOWSOEVER CAUSED AND ON ANY THEORY OF LIABILITY, WHETHER IN CONTRACT, ST
      +                          RICT
    46                           ; LIABILITY, OR TORT (INCLUDING NEGLIGENCE OR OTHERWISE) ARISING IN ANY WAY OUT OF THE U
      +                          SE OF
    47                           ; THIS SOFTWARE, EVEN IF ADVISED OF THE POSSIBILITY OF SUCH DAMAGE.
    48                           ; 
    49                           ; 
    50                           ; Code-generator required, PIC18F4580 Definitions
    51                           ; 
    52                           ; SFR Addresses
    53   000FE0                     bsr             equ	4064
    54   000FE9                     fsr0            equ	4073
    55   000FEA                     fsr0h           equ	4074
    56   000FE9                     fsr0l           equ	4073
    57   000FE1                     fsr1            equ	4065
    58   000FE2                     fsr1h           equ	4066
    59   000FE1                     fsr1l           equ	4065
    60   000FD9                     fsr2            equ	4057
    61   000FDA                     fsr2h           equ	4058
    62   000FD9                     fsr2l           equ	4057
    63   000FEF                     indf0           equ	4079
    64   000FE7                     indf1           equ	4071
    65   000FDF                     indf2           equ	4063
    66   000FF2                     intcon          equ	4082
    67   000000                     nvmcon          equ	0
    68   000FF9                     pcl             equ	4089
    69   000FFA                     pclath          equ	4090
    70   000FFB                     pclatu          equ	4091
    71   000FEB                     plusw0          equ	4075
    72   000FE3                     plusw1          equ	4067
    73   000FDB                     plusw2          equ	4059
    74   000FED                     postdec0        equ	4077
    75   000FE5                     postdec1        equ	4069
    76   000FDD                     postdec2        equ	4061
    77   000FEE                     postinc0        equ	4078
    78   000FE6                     postinc1        equ	4070
    79   000FDE                     postinc2        equ	4062
    80   000FEC                     preinc0         equ	4076
    81   000FE4                     preinc1         equ	4068
    82   000FDC                     preinc2         equ	4060
    83   000FF3                     prod            equ	4083
    84   000FF4                     prodh           equ	4084
    85   000FF3                     prodl           equ	4083
    86   000FD8                     status          equ	4056
    87   000FF5                     tablat          equ	4085
    88   000FF6                     tblptr          equ	4086
    89   000FF7                     tblptrh         equ	4087
    90   000FF6                     tblptrl         equ	4086
    91   000FF8                     tblptru         equ	4088
    92   000FFD                     tosl            equ	4093
    93   000FE8                     wreg            equ	4072
    94   000D60                     RXF6SIDH        equ	3424	;# 
    95   000D61                     RXF6SIDL        equ	3425	;# 
    96   000D62                     RXF6EIDH        equ	3426	;# 
    97   000D63                     RXF6EIDL        equ	3427	;# 
    98   000D64                     RXF7SIDH        equ	3428	;# 
    99   000D65                     RXF7SIDL        equ	3429	;# 
   100   000D66                     RXF7EIDH        equ	3430	;# 
   101   000D67                     RXF7EIDL        equ	3431	;# 
   102   000D68                     RXF8SIDH        equ	3432	;# 
   103   000D69                     RXF8SIDL        equ	3433	;# 
   104   000D6A                     RXF8EIDH        equ	3434	;# 
   105   000D6B                     RXF8EIDL        equ	3435	;# 
   106   000D70                     RXF9SIDH        equ	3440	;# 
   107   000D71                     RXF9SIDL        equ	3441	;# 
   108   000D72                     RXF9EIDH        equ	3442	;# 
   109   000D73                     RXF9EIDL        equ	3443	;# 
   110   000D74                     RXF10SIDH       equ	3444	;# 
   111   000D75                     RXF10SIDL       equ	3445	;# 
   112   000D76                     RXF10EIDH       equ	3446	;# 
   113   000D77                     RXF10EIDL       equ	3447	;# 
   114   000D78                     RXF11SIDH       equ	3448	;# 
   115   000D79                     RXF11SIDL       equ	3449	;# 
   116   000D7A                     RXF11EIDH       equ	3450	;# 
   117   000D7B                     RXF11EIDL       equ	3451	;# 
   118   000D80                     RXF12SIDH       equ	3456	;# 
   119   000D81                     RXF12SIDL       equ	3457	;# 
   120   000D82                     RXF12EIDH       equ	3458	;# 
   121   000D83                     RXF12EIDL       equ	3459	;# 
   122   000D84                     RXF13SIDH       equ	3460	;# 
   123   000D85                     RXF13SIDL       equ	3461	;# 
   124   000D86                     RXF13EIDH       equ	3462	;# 
   125   000D87                     RXF13EIDL       equ	3463	;# 
   126   000D88                     RXF14SIDH       equ	3464	;# 
   127   000D89                     RXF14SIDL       equ	3465	;# 
   128   000D8A                     RXF14EIDH       equ	3466	;# 
   129   000D8B                     RXF14EIDL       equ	3467	;# 
   130   000D90                     RXF15SIDH       equ	3472	;# 
   131   000D91                     RXF15SIDL       equ	3473	;# 
   132   000D92                     RXF15EIDH       equ	3474	;# 
   133   000D93                     RXF15EIDL       equ	3475	;# 
   134   000DD4                     RXFCON0         equ	3540	;# 
   135   000DD5                     RXFCON1         equ	3541	;# 
   136   000DD8                     SDFLC           equ	3544	;# 
   137   000DE0                     RXFBCON0        equ	3552	;# 
   138   000DE1                     RXFBCON1        equ	3553	;# 
   139   000DE2                     RXFBCON2        equ	3554	;# 
   140   000DE3                     RXFBCON3        equ	3555	;# 
   141   000DE4                     RXFBCON4        equ	3556	;# 
   142   000DE5                     RXFBCON5        equ	3557	;# 
   143   000DE6                     RXFBCON6        equ	3558	;# 
   144   000DE7                     RXFBCON7        equ	3559	;# 
   145   000DF0                     MSEL0           equ	3568	;# 
   146   000DF1                     MSEL1           equ	3569	;# 
   147   000DF2                     MSEL2           equ	3570	;# 
   148   000DF3                     MSEL3           equ	3571	;# 
   149   000DF8                     BSEL0           equ	3576	;# 
   150   000DFA                     BIE0            equ	3578	;# 
   151   000DFC                     TXBIE           equ	3580	;# 
   152   000E20                     B0CON           equ	3616	;# 
   153   000E21                     B0SIDH          equ	3617	;# 
   154   000E22                     B0SIDL          equ	3618	;# 
   155   000E23                     B0EIDH          equ	3619	;# 
   156   000E24                     B0EIDL          equ	3620	;# 
   157   000E25                     B0DLC           equ	3621	;# 
   158   000E26                     B0D0            equ	3622	;# 
   159   000E27                     B0D1            equ	3623	;# 
   160   000E28                     B0D2            equ	3624	;# 
   161   000E29                     B0D3            equ	3625	;# 
   162   000E2A                     B0D4            equ	3626	;# 
   163   000E2B                     B0D5            equ	3627	;# 
   164   000E2C                     B0D6            equ	3628	;# 
   165   000E2D                     B0D7            equ	3629	;# 
   166   000E2E                     CANSTAT_RO9     equ	3630	;# 
   167   000E2F                     CANCON_RO9      equ	3631	;# 
   168   000E30                     B1CON           equ	3632	;# 
   169   000E31                     B1SIDH          equ	3633	;# 
   170   000E32                     B1SIDL          equ	3634	;# 
   171   000E33                     B1EIDH          equ	3635	;# 
   172   000E34                     B1EIDL          equ	3636	;# 
   173   000E35                     B1DLC           equ	3637	;# 
   174   000E36                     B1D0            equ	3638	;# 
   175   000E37                     B1D1            equ	3639	;# 
   176   000E38                     B1D2            equ	3640	;# 
   177   000E39                     B1D3            equ	3641	;# 
   178   000E3A                     B1D4            equ	3642	;# 
   179   000E3B                     B1D5            equ	3643	;# 
   180   000E3C                     B1D6            equ	3644	;# 
   181   000E3D                     B1D7            equ	3645	;# 
   182   000E3E                     CANSTAT_RO8     equ	3646	;# 
   183   000E3F                     CANCON_RO8      equ	3647	;# 
   184   000E40                     B2CON           equ	3648	;# 
   185   000E41                     B2SIDH          equ	3649	;# 
   186   000E42                     B2SIDL          equ	3650	;# 
   187   000E43                     B2EIDH          equ	3651	;# 
   188   000E44                     B2EIDL          equ	3652	;# 
   189   000E45                     B2DLC           equ	3653	;# 
   190   000E46                     B2D0            equ	3654	;# 
   191   000E47                     B2D1            equ	3655	;# 
   192   000E48                     B2D2            equ	3656	;# 
   193   000E49                     B2D3            equ	3657	;# 
   194   000E4A                     B2D4            equ	3658	;# 
   195   000E4B                     B2D5            equ	3659	;# 
   196   000E4C                     B2D6            equ	3660	;# 
   197   000E4D                     B2D7            equ	3661	;# 
   198   000E4E                     CANSTAT_RO7     equ	3662	;# 
   199   000E4F                     CANCON_RO7      equ	3663	;# 
   200   000E50                     B3CON           equ	3664	;# 
   201   000E51                     B3SIDH          equ	3665	;# 
   202   000E52                     B3SIDL          equ	3666	;# 
   203   000E53                     B3EIDH          equ	3667	;# 
   204   000E54                     B3EIDL          equ	3668	;# 
   205   000E55                     B3DLC           equ	3669	;# 
   206   000E56                     B3D0            equ	3670	;# 
   207   000E57                     B3D1            equ	3671	;# 
   208   000E58                     B3D2            equ	3672	;# 
   209   000E59                     B3D3            equ	3673	;# 
   210   000E5A                     B3D4            equ	3674	;# 
   211   000E5B                     B3D5            equ	3675	;# 
   212   000E5C                     B3D6            equ	3676	;# 
   213   000E5D                     B3D7            equ	3677	;# 
   214   000E5E                     CANSTAT_RO6     equ	3678	;# 
   215   000E5F                     CANCON_RO6      equ	3679	;# 
   216   000E60                     B4CON           equ	3680	;# 
   217   000E61                     B4SIDH          equ	3681	;# 
   218   000E62                     B4SIDL          equ	3682	;# 
   219   000E63                     B4EIDH          equ	3683	;# 
   220   000E64                     B4EIDL          equ	3684	;# 
   221   000E65                     B4DLC           equ	3685	;# 
   222   000E66                     B4D0            equ	3686	;# 
   223   000E67                     B4D1            equ	3687	;# 
   224   000E68                     B4D2            equ	3688	;# 
   225   000E69                     B4D3            equ	3689	;# 
   226   000E6A                     B4D4            equ	3690	;# 
   227   000E6B                     B4D5            equ	3691	;# 
   228   000E6C                     B4D6            equ	3692	;# 
   229   000E6D                     B4D7            equ	3693	;# 
   230   000E6E                     CANSTAT_RO5     equ	3694	;# 
   231   000E6F                     CANCON_RO5      equ	3695	;# 
   232   000E70                     B5CON           equ	3696	;# 
   233   000E71                     B5SIDH          equ	3697	;# 
   234   000E72                     B5SIDL          equ	3698	;# 
   235   000E73                     B5EIDH          equ	3699	;# 
   236   000E74                     B5EIDL          equ	3700	;# 
   237   000E75                     B5DLC           equ	3701	;# 
   238   000E76                     B5D0            equ	3702	;# 
   239   000E77                     B5D1            equ	3703	;# 
   240   000E78                     B5D2            equ	3704	;# 
   241   000E79                     B5D3            equ	3705	;# 
   242   000E7A                     B5D4            equ	3706	;# 
   243   000E7B                     B5D5            equ	3707	;# 
   244   000E7C                     B5D6            equ	3708	;# 
   245   000E7D                     B5D7            equ	3709	;# 
   246   000E7E                     CANSTAT_RO4     equ	3710	;# 
   247   000E7F                     CANCON_RO4      equ	3711	;# 
   248   000F00                     RXF0SIDH        equ	3840	;# 
   249   000F01                     RXF0SIDL        equ	3841	;# 
   250   000F02                     RXF0EIDH        equ	3842	;# 
   251   000F03                     RXF0EIDL        equ	3843	;# 
   252   000F04                     RXF1SIDH        equ	3844	;# 
   253   000F05                     RXF1SIDL        equ	3845	;# 
   254   000F06                     RXF1EIDH        equ	3846	;# 
   255   000F07                     RXF1EIDL        equ	3847	;# 
   256   000F08                     RXF2SIDH        equ	3848	;# 
   257   000F09                     RXF2SIDL        equ	3849	;# 
   258   000F0A                     RXF2EIDH        equ	3850	;# 
   259   000F0B                     RXF2EIDL        equ	3851	;# 
   260   000F0C                     RXF3SIDH        equ	3852	;# 
   261   000F0D                     RXF3SIDL        equ	3853	;# 
   262   000F0E                     RXF3EIDH        equ	3854	;# 
   263   000F0F                     RXF3EIDL        equ	3855	;# 
   264   000F10                     RXF4SIDH        equ	3856	;# 
   265   000F11                     RXF4SIDL        equ	3857	;# 
   266   000F12                     RXF4EIDH        equ	3858	;# 
   267   000F13                     RXF4EIDL        equ	3859	;# 
   268   000F14                     RXF5SIDH        equ	3860	;# 
   269   000F15                     RXF5SIDL        equ	3861	;# 
   270   000F16                     RXF5EIDH        equ	3862	;# 
   271   000F17                     RXF5EIDL        equ	3863	;# 
   272   000F18                     RXM0SIDH        equ	3864	;# 
   273   000F19                     RXM0SIDL        equ	3865	;# 
   274   000F1A                     RXM0EIDH        equ	3866	;# 
   275   000F1B                     RXM0EIDL        equ	3867	;# 
   276   000F1C                     RXM1SIDH        equ	3868	;# 
   277   000F1D                     RXM1SIDL        equ	3869	;# 
   278   000F1E                     RXM1EIDH        equ	3870	;# 
   279   000F1F                     RXM1EIDL        equ	3871	;# 
   280   000F20                     TXB2CON         equ	3872	;# 
   281   000F21                     TXB2SIDH        equ	3873	;# 
   282   000F22                     TXB2SIDL        equ	3874	;# 
   283   000F23                     TXB2EIDH        equ	3875	;# 
   284   000F24                     TXB2EIDL        equ	3876	;# 
   285   000F25                     TXB2DLC         equ	3877	;# 
   286   000F26                     TXB2D0          equ	3878	;# 
   287   000F27                     TXB2D1          equ	3879	;# 
   288   000F28                     TXB2D2          equ	3880	;# 
   289   000F29                     TXB2D3          equ	3881	;# 
   290   000F2A                     TXB2D4          equ	3882	;# 
   291   000F2B                     TXB2D5          equ	3883	;# 
   292   000F2C                     TXB2D6          equ	3884	;# 
   293   000F2D                     TXB2D7          equ	3885	;# 
   294   000F2E                     CANSTAT_RO3     equ	3886	;# 
   295   000F2F                     CANCON_RO3      equ	3887	;# 
   296   000F30                     TXB1CON         equ	3888	;# 
   297   000F31                     TXB1SIDH        equ	3889	;# 
   298   000F32                     TXB1SIDL        equ	3890	;# 
   299   000F33                     TXB1EIDH        equ	3891	;# 
   300   000F34                     TXB1EIDL        equ	3892	;# 
   301   000F35                     TXB1DLC         equ	3893	;# 
   302   000F36                     TXB1D0          equ	3894	;# 
   303   000F37                     TXB1D1          equ	3895	;# 
   304   000F38                     TXB1D2          equ	3896	;# 
   305   000F39                     TXB1D3          equ	3897	;# 
   306   000F3A                     TXB1D4          equ	3898	;# 
   307   000F3B                     TXB1D5          equ	3899	;# 
   308   000F3C                     TXB1D6          equ	3900	;# 
   309   000F3D                     TXB1D7          equ	3901	;# 
   310   000F3E                     CANSTAT_RO2     equ	3902	;# 
   311   000F3F                     CANCON_RO2      equ	3903	;# 
   312   000F40                     TXB0CON         equ	3904	;# 
   313   000F41                     TXB0SIDH        equ	3905	;# 
   314   000F42                     TXB0SIDL        equ	3906	;# 
   315   000F43                     TXB0EIDH        equ	3907	;# 
   316   000F44                     TXB0EIDL        equ	3908	;# 
   317   000F45                     TXB0DLC         equ	3909	;# 
   318   000F46                     TXB0D0          equ	3910	;# 
   319   000F47                     TXB0D1          equ	3911	;# 
   320   000F48                     TXB0D2          equ	3912	;# 
   321   000F49                     TXB0D3          equ	3913	;# 
   322   000F4A                     TXB0D4          equ	3914	;# 
   323   000F4B                     TXB0D5          equ	3915	;# 
   324   000F4C                     TXB0D6          equ	3916	;# 
   325   000F4D                     TXB0D7          equ	3917	;# 
   326   000F4E                     CANSTAT_RO1     equ	3918	;# 
   327   000F4F                     CANCON_RO1      equ	3919	;# 
   328   000F50                     RXB1CON         equ	3920	;# 
   329   000F51                     RXB1SIDH        equ	3921	;# 
   330   000F52                     RXB1SIDL        equ	3922	;# 
   331   000F53                     RXB1EIDH        equ	3923	;# 
   332   000F54                     RXB1EIDL        equ	3924	;# 
   333   000F55                     RXB1DLC         equ	3925	;# 
   334   000F56                     RXB1D0          equ	3926	;# 
   335   000F57                     RXB1D1          equ	3927	;# 
   336   000F58                     RXB1D2          equ	3928	;# 
   337   000F59                     RXB1D3          equ	3929	;# 
   338   000F5A                     RXB1D4          equ	3930	;# 
   339   000F5B                     RXB1D5          equ	3931	;# 
   340   000F5C                     RXB1D6          equ	3932	;# 
   341   000F5D                     RXB1D7          equ	3933	;# 
   342   000F5E                     CANSTAT_RO0     equ	3934	;# 
   343   000F5F                     CANCON_RO0      equ	3935	;# 
   344   000F60                     RXB0CON         equ	3936	;# 
   345   000F61                     RXB0SIDH        equ	3937	;# 
   346   000F62                     RXB0SIDL        equ	3938	;# 
   347   000F63                     RXB0EIDH        equ	3939	;# 
   348   000F64                     RXB0EIDL        equ	3940	;# 
   349   000F65                     RXB0DLC         equ	3941	;# 
   350   000F66                     RXB0D0          equ	3942	;# 
   351   000F67                     RXB0D1          equ	3943	;# 
   352   000F68                     RXB0D2          equ	3944	;# 
   353   000F69                     RXB0D3          equ	3945	;# 
   354   000F6A                     RXB0D4          equ	3946	;# 
   355   000F6B                     RXB0D5          equ	3947	;# 
   356   000F6C                     RXB0D6          equ	3948	;# 
   357   000F6D                     RXB0D7          equ	3949	;# 
   358   000F6E                     CANSTAT         equ	3950	;# 
   359   000F6F                     CANCON          equ	3951	;# 
   360   000F70                     BRGCON1         equ	3952	;# 
   361   000F71                     BRGCON2         equ	3953	;# 
   362   000F72                     BRGCON3         equ	3954	;# 
   363   000F73                     CIOCON          equ	3955	;# 
   364   000F74                     COMSTAT         equ	3956	;# 
   365   000F75                     RXERRCNT        equ	3957	;# 
   366   000F76                     TXERRCNT        equ	3958	;# 
   367   000F77                     ECANCON         equ	3959	;# 
   368   000F80                     PORTA           equ	3968	;# 
   369   000F81                     PORTB           equ	3969	;# 
   370   000F82                     PORTC           equ	3970	;# 
   371   000F83                     PORTD           equ	3971	;# 
   372   000F84                     PORTE           equ	3972	;# 
   373   000F89                     LATA            equ	3977	;# 
   374   000F8A                     LATB            equ	3978	;# 
   375   000F8B                     LATC            equ	3979	;# 
   376   000F8C                     LATD            equ	3980	;# 
   377   000F8D                     LATE            equ	3981	;# 
   378   000F92                     TRISA           equ	3986	;# 
   379   000F92                     DDRA            equ	3986	;# 
   380   000F93                     TRISB           equ	3987	;# 
   381   000F93                     DDRB            equ	3987	;# 
   382   000F94                     TRISC           equ	3988	;# 
   383   000F94                     DDRC            equ	3988	;# 
   384   000F95                     TRISD           equ	3989	;# 
   385   000F95                     DDRD            equ	3989	;# 
   386   000F96                     TRISE           equ	3990	;# 
   387   000F96                     DDRE            equ	3990	;# 
   388   000F9B                     OSCTUNE         equ	3995	;# 
   389   000F9D                     PIE1            equ	3997	;# 
   390   000F9E                     PIR1            equ	3998	;# 
   391   000F9F                     IPR1            equ	3999	;# 
   392   000FA0                     PIE2            equ	4000	;# 
   393   000FA1                     PIR2            equ	4001	;# 
   394   000FA2                     IPR2            equ	4002	;# 
   395   000FA3                     PIE3            equ	4003	;# 
   396   000FA4                     PIR3            equ	4004	;# 
   397   000FA5                     IPR3            equ	4005	;# 
   398   000FA6                     EECON1          equ	4006	;# 
   399   000FA7                     EECON2          equ	4007	;# 
   400   000FA8                     EEDATA          equ	4008	;# 
   401   000FA9                     EEADR           equ	4009	;# 
   402   000FAB                     RCSTA           equ	4011	;# 
   403   000FAB                     RCSTA1          equ	4011	;# 
   404   000FAC                     TXSTA           equ	4012	;# 
   405   000FAC                     TXSTA1          equ	4012	;# 
   406   000FAD                     TXREG           equ	4013	;# 
   407   000FAD                     TXREG1          equ	4013	;# 
   408   000FAE                     RCREG           equ	4014	;# 
   409   000FAE                     RCREG1          equ	4014	;# 
   410   000FAF                     SPBRG           equ	4015	;# 
   411   000FAF                     SPBRG1          equ	4015	;# 
   412   000FB0                     SPBRGH          equ	4016	;# 
   413   000FB1                     T3CON           equ	4017	;# 
   414   000FB2                     TMR3            equ	4018	;# 
   415   000FB2                     TMR3L           equ	4018	;# 
   416   000FB3                     TMR3H           equ	4019	;# 
   417   000FB4                     CMCON           equ	4020	;# 
   418   000FB5                     CVRCON          equ	4021	;# 
   419   000FB6                     ECCP1AS         equ	4022	;# 
   420   000FB7                     ECCP1DEL        equ	4023	;# 
   421   000FB8                     BAUDCON         equ	4024	;# 
   422   000FB8                     BAUDCTL         equ	4024	;# 
   423   000FBA                     ECCP1CON        equ	4026	;# 
   424   000FBB                     ECCPR1          equ	4027	;# 
   425   000FBB                     ECCPR1L         equ	4027	;# 
   426   000FBC                     ECCPR1H         equ	4028	;# 
   427   000FBD                     CCP1CON         equ	4029	;# 
   428   000FBE                     CCPR1           equ	4030	;# 
   429   000FBE                     CCPR1L          equ	4030	;# 
   430   000FBF                     CCPR1H          equ	4031	;# 
   431   000FC0                     ADCON2          equ	4032	;# 
   432   000FC1                     ADCON1          equ	4033	;# 
   433   000FC2                     ADCON0          equ	4034	;# 
   434   000FC3                     ADRES           equ	4035	;# 
   435   000FC3                     ADRESL          equ	4035	;# 
   436   000FC4                     ADRESH          equ	4036	;# 
   437   000FC5                     SSPCON2         equ	4037	;# 
   438   000FC6                     SSPCON1         equ	4038	;# 
   439   000FC7                     SSPSTAT         equ	4039	;# 
   440   000FC8                     SSPADD          equ	4040	;# 
   441   000FC9                     SSPBUF          equ	4041	;# 
   442   000FCA                     T2CON           equ	4042	;# 
   443   000FCB                     PR2             equ	4043	;# 
   444   000FCB                     MEMCON          equ	4043	;# 
   445   000FCC                     TMR2            equ	4044	;# 
   446   000FCD                     T1CON           equ	4045	;# 
   447   000FCE                     TMR1            equ	4046	;# 
   448   000FCE                     TMR1L           equ	4046	;# 
   449   000FCF                     TMR1H           equ	4047	;# 
   450   000FD0                     RCON            equ	4048	;# 
   451   000FD1                     WDTCON          equ	4049	;# 
   452   000FD2                     HLVDCON         equ	4050	;# 
   453   000FD2                     LVDCON          equ	4050	;# 
   454   000FD3                     OSCCON          equ	4051	;# 
   455   000FD5                     T0CON           equ	4053	;# 
   456   000FD6                     TMR0            equ	4054	;# 
   457   000FD6                     TMR0L           equ	4054	;# 
   458   000FD7                     TMR0H           equ	4055	;# 
   459   000FD8                     STATUS          equ	4056	;# 
   460   000FD9                     FSR2            equ	4057	;# 
   461   000FD9                     FSR2L           equ	4057	;# 
   462   000FDA                     FSR2H           equ	4058	;# 
   463   000FDB                     PLUSW2          equ	4059	;# 
   464   000FDC                     PREINC2         equ	4060	;# 
   465   000FDD                     POSTDEC2        equ	4061	;# 
   466   000FDE                     POSTINC2        equ	4062	;# 
   467   000FDF                     INDF2           equ	4063	;# 
   468   000FE0                     BSR             equ	4064	;# 
   469   000FE1                     FSR1            equ	4065	;# 
   470   000FE1                     FSR1L           equ	4065	;# 
   471   000FE2                     FSR1H           equ	4066	;# 
   472   000FE3                     PLUSW1          equ	4067	;# 
   473   000FE4                     PREINC1         equ	4068	;# 
   474   000FE5                     POSTDEC1        equ	4069	;# 
   475   000FE6                     POSTINC1        equ	4070	;# 
   476   000FE7                     INDF1           equ	4071	;# 
   477   000FE8                     WREG            equ	4072	;# 
   478   000FE9                     FSR0            equ	4073	;# 
   479   000FE9                     FSR0L           equ	4073	;# 
   480   000FEA                     FSR0H           equ	4074	;# 
   481   000FEB                     PLUSW0          equ	4075	;# 
   482   000FEC                     PREINC0         equ	4076	;# 
   483   000FED                     POSTDEC0        equ	4077	;# 
   484   000FEE                     POSTINC0        equ	4078	;# 
   485   000FEF                     INDF0           equ	4079	;# 
   486   000FF0                     INTCON3         equ	4080	;# 
   487   000FF1                     INTCON2         equ	4081	;# 
   488   000FF2                     INTCON          equ	4082	;# 
   489   000FF3                     PROD            equ	4083	;# 
   490   000FF3                     PRODL           equ	4083	;# 
   491   000FF4                     PRODH           equ	4084	;# 
   492   000FF5                     TABLAT          equ	4085	;# 
   493   000FF6                     TBLPTR          equ	4086	;# 
   494   000FF6                     TBLPTRL         equ	4086	;# 
   495   000FF7                     TBLPTRH         equ	4087	;# 
   496   000FF8                     TBLPTRU         equ	4088	;# 
   497   000FF9                     PCLAT           equ	4089	;# 
   498   000FF9                     PC              equ	4089	;# 
   499   000FF9                     PCL             equ	4089	;# 
   500   000FFA                     PCLATH          equ	4090	;# 
   501   000FFB                     PCLATU          equ	4091	;# 
   502   000FFC                     STKPTR          equ	4092	;# 
   503   000FFD                     TOS             equ	4093	;# 
   504   000FFD                     TOSL            equ	4093	;# 
   505   000FFE                     TOSH            equ	4094	;# 
   506   000FFF                     TOSU            equ	4095	;# 
   507                           
   508                           	psect	idataCOMRAM
   509   000778                     __pidataCOMRAM:
   510                           	callstack 0
   511                           
   512                           ;initializer for _duty_cycle
   513   000778  0014               	dw	20
   514   00077A  0000               	dw	0
   515   000F81                     _PORTB          set	3969
   516   000F93                     _TRISB          set	3987
   517   007C08                     _RB0            set	31752
   518   007C09                     _RB1            set	31753
   519                           
   520                           ; #config settings
   521                           
   522                           	psect	cinit
   523   000742                     __pcinit:
   524                           	callstack 0
   525   000742                     start_initialization:
   526                           	callstack 0
   527   000742                     __initialization:
   528                           	callstack 0
   529                           
   530                           ; Initialize objects allocated to COMRAM (4 bytes)
   531                           ; load TBLPTR registers with __pidataCOMRAM
   532   000742  0E78               	movlw	low __pidataCOMRAM
   533   000744  6EF6               	movwf	tblptrl,c
   534   000746  0E07               	movlw	high __pidataCOMRAM
   535   000748  6EF7               	movwf	tblptrh,c
   536   00074A  0E00               	movlw	low (__pidataCOMRAM shr (0+16))
   537   00074C  6EF8               	movwf	tblptru,c
   538   00074E  EE00  F015         	lfsr	0,__pdataCOMRAM
   539   000752  EE10 F004          	lfsr	1,4
   540   000756                     copy_data0:
   541   000756  0009               	tblrd		*+
   542   000758  CFF5 FFEE          	movff	tablat,postinc0
   543   00075C  50E5               	movf	postdec1,w,c
   544   00075E  50E1               	movf	fsr1l,w,c
   545   000760  E1FA               	bnz	copy_data0
   546                           
   547                           ; Clear objects allocated to COMRAM (4 bytes)
   548   000762  6A14               	clrf	(__pbssCOMRAM+3)& (0+255),c
   549   000764  6A13               	clrf	(__pbssCOMRAM+2)& (0+255),c
   550   000766  6A12               	clrf	(__pbssCOMRAM+1)& (0+255),c
   551   000768  6A11               	clrf	__pbssCOMRAM& (0+255),c
   552   00076A                     end_of_initialization:
   553                           	callstack 0
   554   00076A                     __end_of__initialization:
   555                           	callstack 0
   556   00076A  0100               	movlb	0
   557   00076C  EF01  F003         	goto	_main	;jump to C main() function
   558                           
   559                           	psect	bssCOMRAM
   560   000011                     __pbssCOMRAM:
   561                           	callstack 0
   562   000011                     _program_cycle:
   563                           	callstack 0
   564   000011                     	ds	4
   565                           
   566                           	psect	dataCOMRAM
   567   000015                     __pdataCOMRAM:
   568                           	callstack 0
   569   000015                     _duty_cycle:
   570                           	callstack 0
   571   000015                     	ds	4
   572                           
   573                           	psect	cstackCOMRAM
   574   000001                     __pcstackCOMRAM:
   575                           	callstack 0
   576   000001                     main@wait:
   577                           	callstack 0
   578   000001                     
   579                           ; 1 bytes @ 0x0
   580   000001                     	ds	4
   581   000005                     main@wait_40:
   582                           	callstack 0
   583                           
   584                           ; 4 bytes @ 0x4
   585   000005                     	ds	4
   586   000009                     main@wait_41:
   587                           	callstack 0
   588                           
   589                           ; 4 bytes @ 0x8
   590   000009                     	ds	4
   591   00000D                     main@wait_42:
   592                           	callstack 0
   593                           
   594                           ; 4 bytes @ 0xC
   595   00000D                     	ds	4
   596                           
   597 ;;
   598 ;;Main: autosize = 0, tempsize = 0, incstack = 0, save=0
   599 ;;
   600 ;; *************** function _main *****************
   601 ;; Defined at:
   602 ;;		line 19 in file "newmain.c"
   603 ;; Parameters:    Size  Location     Type
   604 ;;		None
   605 ;; Auto vars:     Size  Location     Type
   606 ;;  wait            4   12[COMRAM] unsigned long 
   607 ;;  wait            4    8[COMRAM] unsigned long 
   608 ;;  wait            4    4[COMRAM] unsigned long 
   609 ;;  wait            4    0[COMRAM] unsigned long 
   610 ;; Return value:  Size  Location     Type
   611 ;;                  1    wreg      void 
   612 ;; Registers used:
   613 ;;		wreg, status,2, status,0, cstack
   614 ;; Tracked objects:
   615 ;;		On entry : 0/0
   616 ;;		On exit  : 0/0
   617 ;;		Unchanged: 0/0
   618 ;; Data sizes:     COMRAM   BANK0   BANK1   BANK2   BANK3   BANK4   BANK5
   619 ;;      Params:         0       0       0       0       0       0       0
   620 ;;      Locals:        16       0       0       0       0       0       0
   621 ;;      Temps:          0       0       0       0       0       0       0
   622 ;;      Totals:        16       0       0       0       0       0       0
   623 ;;Total ram usage:       16 bytes
   624 ;; Hardware stack levels required when called: 1
   625 ;; This function calls:
   626 ;;		_init_config
   627 ;;		_software_pwm
   628 ;; This function is called by:
   629 ;;		Startup code after reset
   630 ;; This function uses a non-reentrant model
   631 ;;
   632                           
   633                           	psect	text0
   634   000602                     __ptext0:
   635                           	callstack 0
   636   000602                     _main:
   637                           	callstack 30
   638   000602                     
   639                           ;newmain.c: 21:     init_config();
   640   000602  ECB8  F003         	call	_init_config	;wreg free
   641   000606                     l729:
   642                           
   643                           ;newmain.c: 23:     {;newmain.c: 28:         software_pwm();
   644   000606  EC75  F003         	call	_software_pwm	;wreg free
   645   00060A                     
   646                           ;newmain.c: 29:         for(unsigned long wait = 50000;wait--;);
   647   00060A  0E50               	movlw	80
   648   00060C  6E01               	movwf	main@wait^0,c
   649   00060E  0EC3               	movlw	195
   650   000610  6E02               	movwf	(main@wait+1)^0,c
   651   000612  0E00               	movlw	0
   652   000614  6E03               	movwf	(main@wait+2)^0,c
   653   000616  0E00               	movlw	0
   654   000618  6E04               	movwf	(main@wait+3)^0,c
   655   00061A                     l733:
   656   00061A  0601               	decf	main@wait^0,f,c
   657   00061C  0E00               	movlw	0
   658   00061E  5A02               	subwfb	(main@wait+1)^0,f,c
   659   000620  5A03               	subwfb	(main@wait+2)^0,f,c
   660   000622  5A04               	subwfb	(main@wait+3)^0,f,c
   661   000624  2801               	incf	main@wait^0,w,c
   662   000626  E10A               	bnz	u31
   663   000628  2802               	incf	(main@wait+1)^0,w,c
   664   00062A  E108               	bnz	u31
   665   00062C  2803               	incf	(main@wait+2)^0,w,c
   666   00062E  E106               	bnz	u31
   667   000630  2804               	incf	(main@wait+3)^0,w,c
   668   000632  A4D8               	btfss	status,2,c
   669   000634  EF1E  F003         	goto	u31
   670   000638  EF20  F003         	goto	u30
   671   00063C                     u31:
   672   00063C  EF0D  F003         	goto	l733
   673   000640                     u30:
   674   000640                     
   675                           ;newmain.c: 30:         for(unsigned long wait = 50000;wait--;);
   676   000640  0E50               	movlw	80
   677   000642  6E05               	movwf	main@wait_40^0,c
   678   000644  0EC3               	movlw	195
   679   000646  6E06               	movwf	(main@wait_40+1)^0,c
   680   000648  0E00               	movlw	0
   681   00064A  6E07               	movwf	(main@wait_40+2)^0,c
   682   00064C  0E00               	movlw	0
   683   00064E  6E08               	movwf	(main@wait_40+3)^0,c
   684   000650                     l737:
   685   000650  0605               	decf	main@wait_40^0,f,c
   686   000652  0E00               	movlw	0
   687   000654  5A06               	subwfb	(main@wait_40+1)^0,f,c
   688   000656  5A07               	subwfb	(main@wait_40+2)^0,f,c
   689   000658  5A08               	subwfb	(main@wait_40+3)^0,f,c
   690   00065A  2805               	incf	main@wait_40^0,w,c
   691   00065C  E10A               	bnz	u41
   692   00065E  2806               	incf	(main@wait_40+1)^0,w,c
   693   000660  E108               	bnz	u41
   694   000662  2807               	incf	(main@wait_40+2)^0,w,c
   695   000664  E106               	bnz	u41
   696   000666  2808               	incf	(main@wait_40+3)^0,w,c
   697   000668  A4D8               	btfss	status,2,c
   698   00066A  EF39  F003         	goto	u41
   699   00066E  EF3B  F003         	goto	u40
   700   000672                     u41:
   701   000672  EF28  F003         	goto	l737
   702   000676                     u40:
   703   000676                     
   704                           ;newmain.c: 31:         for(unsigned long wait = 50000;wait--;);
   705   000676  0E50               	movlw	80
   706   000678  6E09               	movwf	main@wait_41^0,c
   707   00067A  0EC3               	movlw	195
   708   00067C  6E0A               	movwf	(main@wait_41+1)^0,c
   709   00067E  0E00               	movlw	0
   710   000680  6E0B               	movwf	(main@wait_41+2)^0,c
   711   000682  0E00               	movlw	0
   712   000684  6E0C               	movwf	(main@wait_41+3)^0,c
   713   000686                     l741:
   714   000686  0609               	decf	main@wait_41^0,f,c
   715   000688  0E00               	movlw	0
   716   00068A  5A0A               	subwfb	(main@wait_41+1)^0,f,c
   717   00068C  5A0B               	subwfb	(main@wait_41+2)^0,f,c
   718   00068E  5A0C               	subwfb	(main@wait_41+3)^0,f,c
   719   000690  2809               	incf	main@wait_41^0,w,c
   720   000692  E10A               	bnz	u51
   721   000694  280A               	incf	(main@wait_41+1)^0,w,c
   722   000696  E108               	bnz	u51
   723   000698  280B               	incf	(main@wait_41+2)^0,w,c
   724   00069A  E106               	bnz	u51
   725   00069C  280C               	incf	(main@wait_41+3)^0,w,c
   726   00069E  A4D8               	btfss	status,2,c
   727   0006A0  EF54  F003         	goto	u51
   728   0006A4  EF56  F003         	goto	u50
   729   0006A8                     u51:
   730   0006A8  EF43  F003         	goto	l741
   731   0006AC                     u50:
   732   0006AC                     
   733                           ;newmain.c: 32:         for(unsigned long wait = 50000;wait--;);
   734   0006AC  0E50               	movlw	80
   735   0006AE  6E0D               	movwf	main@wait_42^0,c
   736   0006B0  0EC3               	movlw	195
   737   0006B2  6E0E               	movwf	(main@wait_42+1)^0,c
   738   0006B4  0E00               	movlw	0
   739   0006B6  6E0F               	movwf	(main@wait_42+2)^0,c
   740   0006B8  0E00               	movlw	0
   741   0006BA  6E10               	movwf	(main@wait_42+3)^0,c
   742   0006BC                     l745:
   743   0006BC  060D               	decf	main@wait_42^0,f,c
   744   0006BE  0E00               	movlw	0
   745   0006C0  5A0E               	subwfb	(main@wait_42+1)^0,f,c
   746   0006C2  5A0F               	subwfb	(main@wait_42+2)^0,f,c
   747   0006C4  5A10               	subwfb	(main@wait_42+3)^0,f,c
   748   0006C6  280D               	incf	main@wait_42^0,w,c
   749   0006C8  E10A               	bnz	u61
   750   0006CA  280E               	incf	(main@wait_42+1)^0,w,c
   751   0006CC  E108               	bnz	u61
   752   0006CE  280F               	incf	(main@wait_42+2)^0,w,c
   753   0006D0  E106               	bnz	u61
   754   0006D2  2810               	incf	(main@wait_42+3)^0,w,c
   755   0006D4  A4D8               	btfss	status,2,c
   756   0006D6  EF6F  F003         	goto	u61
   757   0006DA  EF71  F003         	goto	u60
   758   0006DE                     u61:
   759   0006DE  EF5E  F003         	goto	l745
   760   0006E2                     u60:
   761   0006E2  EF03  F003         	goto	l729
   762   0006E6  EF00  F000         	goto	start
   763   0006EA                     __end_of_main:
   764                           	callstack 0
   765                           
   766 ;; *************** function _software_pwm *****************
   767 ;; Defined at:
   768 ;;		line 10 in file "newmain.c"
   769 ;; Parameters:    Size  Location     Type
   770 ;;		None
   771 ;; Auto vars:     Size  Location     Type
   772 ;;		None
   773 ;; Return value:  Size  Location     Type
   774 ;;                  1    wreg      void 
   775 ;; Registers used:
   776 ;;		wreg, status,2, status,0
   777 ;; Tracked objects:
   778 ;;		On entry : 0/0
   779 ;;		On exit  : 0/0
   780 ;;		Unchanged: 0/0
   781 ;; Data sizes:     COMRAM   BANK0   BANK1   BANK2   BANK3   BANK4   BANK5
   782 ;;      Params:         0       0       0       0       0       0       0
   783 ;;      Locals:         0       0       0       0       0       0       0
   784 ;;      Temps:          0       0       0       0       0       0       0
   785 ;;      Totals:         0       0       0       0       0       0       0
   786 ;;Total ram usage:        0 bytes
   787 ;; Hardware stack levels used: 1
   788 ;; This function calls:
   789 ;;		Nothing
   790 ;; This function is called by:
   791 ;;		_main
   792 ;; This function uses a non-reentrant model
   793 ;;
   794                           
   795                           	psect	text1
   796   0006EA                     __ptext1:
   797                           	callstack 0
   798   0006EA                     _software_pwm:
   799                           	callstack 30
   800   0006EA                     
   801                           ;newmain.c: 12:     if(program_cycle < duty_cycle)
   802   0006EA  5014               	movf	(_program_cycle+3)^0,w,c
   803   0006EC  1013               	iorwf	(_program_cycle+2)^0,w,c
   804   0006EE  1012               	iorwf	(_program_cycle+1)^0,w,c
   805   0006F0  E107               	bnz	u11
   806   0006F2  0E14               	movlw	20
   807   0006F4  5C11               	subwf	_program_cycle^0,w,c
   808   0006F6  B0D8               	btfsc	status,0,c
   809   0006F8  EF80  F003         	goto	u11
   810   0006FC  EF82  F003         	goto	u10
   811   000700                     u11:
   812   000700  EF85  F003         	goto	l18
   813   000704                     u10:
   814   000704                     
   815                           ;newmain.c: 13:         RB0 = 1;
   816   000704  8081               	bsf	3969,0,c	;volatile
   817   000706  EF86  F003         	goto	l723
   818   00070A                     l18:
   819                           
   820                           ;newmain.c: 15:         RB0 = 0;
   821   00070A  9081               	bcf	3969,0,c	;volatile
   822   00070C                     l723:
   823                           
   824                           ;newmain.c: 16:     if(program_cycle++ == 100)
   825   00070C  0E01               	movlw	1
   826   00070E  2611               	addwf	_program_cycle^0,f,c
   827   000710  0E00               	movlw	0
   828   000712  2212               	addwfc	(_program_cycle+1)^0,f,c
   829   000714  2213               	addwfc	(_program_cycle+2)^0,f,c
   830   000716  2214               	addwfc	(_program_cycle+3)^0,f,c
   831   000718  0E65               	movlw	101
   832   00071A  1811               	xorwf	_program_cycle^0,w,c
   833   00071C  1012               	iorwf	(_program_cycle+1)^0,w,c
   834   00071E  1013               	iorwf	(_program_cycle+2)^0,w,c
   835   000720  1014               	iorwf	(_program_cycle+3)^0,w,c
   836   000722  A4D8               	btfss	status,2,c
   837   000724  EF96  F003         	goto	u21
   838   000728  EF98  F003         	goto	u20
   839   00072C                     u21:
   840   00072C  EFA0  F003         	goto	l21
   841   000730                     u20:
   842   000730                     
   843                           ;newmain.c: 17:         program_cycle = 0;
   844   000730  0E00               	movlw	0
   845   000732  6E11               	movwf	_program_cycle^0,c
   846   000734  0E00               	movlw	0
   847   000736  6E12               	movwf	(_program_cycle+1)^0,c
   848   000738  0E00               	movlw	0
   849   00073A  6E13               	movwf	(_program_cycle+2)^0,c
   850   00073C  0E00               	movlw	0
   851   00073E  6E14               	movwf	(_program_cycle+3)^0,c
   852   000740                     l21:
   853   000740  0012               	return		;funcret
   854   000742                     __end_of_software_pwm:
   855                           	callstack 0
   856                           
   857 ;; *************** function _init_config *****************
   858 ;; Defined at:
   859 ;;		line 4 in file "newmain.c"
   860 ;; Parameters:    Size  Location     Type
   861 ;;		None
   862 ;; Auto vars:     Size  Location     Type
   863 ;;		None
   864 ;; Return value:  Size  Location     Type
   865 ;;                  1    wreg      void 
   866 ;; Registers used:
   867 ;;		None
   868 ;; Tracked objects:
   869 ;;		On entry : 0/0
   870 ;;		On exit  : 0/0
   871 ;;		Unchanged: 0/0
   872 ;; Data sizes:     COMRAM   BANK0   BANK1   BANK2   BANK3   BANK4   BANK5
   873 ;;      Params:         0       0       0       0       0       0       0
   874 ;;      Locals:         0       0       0       0       0       0       0
   875 ;;      Temps:          0       0       0       0       0       0       0
   876 ;;      Totals:         0       0       0       0       0       0       0
   877 ;;Total ram usage:        0 bytes
   878 ;; Hardware stack levels used: 1
   879 ;; This function calls:
   880 ;;		Nothing
   881 ;; This function is called by:
   882 ;;		_main
   883 ;; This function uses a non-reentrant model
   884 ;;
   885                           
   886                           	psect	text2
   887   000770                     __ptext2:
   888                           	callstack 0
   889   000770                     _init_config:
   890                           	callstack 30
   891   000770                     
   892                           ;newmain.c: 6:     TRISB = 0x00;
   893   000770  6A93               	clrf	147,c	;volatile
   894                           
   895                           ;newmain.c: 7:     PORTB = 0x00;
   896   000772  6A81               	clrf	129,c	;volatile
   897                           
   898                           ;newmain.c: 8:     RB1 = 1;
   899   000774  8281               	bsf	3969,1,c	;volatile
   900   000776  0012               	return		;funcret
   901   000778                     __end_of_init_config:
   902                           	callstack 0
   903                           
   904                           	psect	smallconst
   905   000600                     __psmallconst:
   906                           	callstack 0
   907   000600  00                 	db	0
   908   000601  00                 	db	0	; dummy byte at the end
   909   000000                     __activetblptr  equ	0
   910                           
   911                           	psect	rparam
   912   000001                     ___rparam_used  equ	1
   913   000000                     ___param_bank   equ	0
   914   000000                     __Lparam        equ	__Lrparam
   915   000000                     __Hparam        equ	__Hrparam
   916                           
   917                           	psect	idloc
   918                           
   919                           ;Config register IDLOC0 @ 0x200000
   920                           ;	unspecified, using default values
   921   200000                     	org	2097152
   922   200000  FF                 	db	255
   923                           
   924                           ;Config register IDLOC1 @ 0x200001
   925                           ;	unspecified, using default values
   926   200001                     	org	2097153
   927   200001  FF                 	db	255
   928                           
   929                           ;Config register IDLOC2 @ 0x200002
   930                           ;	unspecified, using default values
   931   200002                     	org	2097154
   932   200002  FF                 	db	255
   933                           
   934                           ;Config register IDLOC3 @ 0x200003
   935                           ;	unspecified, using default values
   936   200003                     	org	2097155
   937   200003  FF                 	db	255
   938                           
   939                           ;Config register IDLOC4 @ 0x200004
   940                           ;	unspecified, using default values
   941   200004                     	org	2097156
   942   200004  FF                 	db	255
   943                           
   944                           ;Config register IDLOC5 @ 0x200005
   945                           ;	unspecified, using default values
   946   200005                     	org	2097157
   947   200005  FF                 	db	255
   948                           
   949                           ;Config register IDLOC6 @ 0x200006
   950                           ;	unspecified, using default values
   951   200006                     	org	2097158
   952   200006  FF                 	db	255
   953                           
   954                           ;Config register IDLOC7 @ 0x200007
   955                           ;	unspecified, using default values
   956   200007                     	org	2097159
   957   200007  FF                 	db	255
   958                           
   959                           	psect	config
   960                           
   961                           ; Padding undefined space
   962   300000                     	org	3145728
   963   300000  FF                 	db	255
   964                           
   965                           ;Config register CONFIG1H @ 0x300001
   966                           ;	unspecified, using default values
   967                           ;	Oscillator Selection bits
   968                           ;	OSC = 0x7, unprogrammed default
   969                           ;	Fail-Safe Clock Monitor Enable bit
   970                           ;	FCMEN = 0x0, unprogrammed default
   971                           ;	Internal/External Oscillator Switchover bit
   972                           ;	IESO = 0x0, unprogrammed default
   973   300001                     	org	3145729
   974   300001  07                 	db	7
   975                           
   976                           ;Config register CONFIG2L @ 0x300002
   977                           ;	unspecified, using default values
   978                           ;	Power-up Timer Enable bit
   979                           ;	PWRT = 0x1, unprogrammed default
   980                           ;	Brown-out Reset Enable bits
   981                           ;	BOREN = 0x3, unprogrammed default
   982                           ;	Brown-out Reset Voltage bits
   983                           ;	BORV = 0x3, unprogrammed default
   984   300002                     	org	3145730
   985   300002  1F                 	db	31
   986                           
   987                           ;Config register CONFIG2H @ 0x300003
   988                           ;	unspecified, using default values
   989                           ;	Watchdog Timer Enable bit
   990                           ;	WDT = 0x1, unprogrammed default
   991                           ;	Watchdog Timer Postscale Select bits
   992                           ;	WDTPS = 0xF, unprogrammed default
   993   300003                     	org	3145731
   994   300003  1F                 	db	31
   995                           
   996                           ; Padding undefined space
   997   300004                     	org	3145732
   998   300004  FF                 	db	255
   999                           
  1000                           ;Config register CONFIG3H @ 0x300005
  1001                           ;	unspecified, using default values
  1002                           ;	PORTB A/D Enable bit
  1003                           ;	PBADEN = 0x1, unprogrammed default
  1004                           ;	Low-Power Timer 1 Oscillator Enable bit
  1005                           ;	LPT1OSC = 0x0, unprogrammed default
  1006                           ;	MCLR Pin Enable bit
  1007                           ;	MCLRE = 0x1, unprogrammed default
  1008   300005                     	org	3145733
  1009   300005  82                 	db	130
  1010                           
  1011                           ;Config register CONFIG4L @ 0x300006
  1012                           ;	unspecified, using default values
  1013                           ;	Stack Full/Underflow Reset Enable bit
  1014                           ;	STVREN = 0x1, unprogrammed default
  1015                           ;	Single-Supply ICSP Enable bit
  1016                           ;	LVP = 0x1, unprogrammed default
  1017                           ;	Boot Block Size Select bit
  1018                           ;	BBSIZ = 0x0, unprogrammed default
  1019                           ;	Extended Instruction Set Enable bit
  1020                           ;	XINST = 0x0, unprogrammed default
  1021                           ;	Background Debugger Enable bit
  1022                           ;	DEBUG = 0x1, unprogrammed default
  1023   300006                     	org	3145734
  1024   300006  85                 	db	133
  1025                           
  1026                           ; Padding undefined space
  1027   300007                     	org	3145735
  1028   300007  FF                 	db	255
  1029                           
  1030                           ;Config register CONFIG5L @ 0x300008
  1031                           ;	unspecified, using default values
  1032                           ;	Code Protection bit
  1033                           ;	CP0 = 0x1, unprogrammed default
  1034                           ;	Code Protection bit
  1035                           ;	CP1 = 0x1, unprogrammed default
  1036                           ;	Code Protection bit
  1037                           ;	CP2 = 0x1, unprogrammed default
  1038                           ;	Code Protection bit
  1039                           ;	CP3 = 0x1, unprogrammed default
  1040   300008                     	org	3145736
  1041   300008  0F                 	db	15
  1042                           
  1043                           ;Config register CONFIG5H @ 0x300009
  1044                           ;	unspecified, using default values
  1045                           ;	Boot Block Code Protection bit
  1046                           ;	CPB = 0x1, unprogrammed default
  1047                           ;	Data EEPROM Code Protection bit
  1048                           ;	CPD = 0x1, unprogrammed default
  1049   300009                     	org	3145737
  1050   300009  C0                 	db	192
  1051                           
  1052                           ;Config register CONFIG6L @ 0x30000A
  1053                           ;	unspecified, using default values
  1054                           ;	Write Protection bit
  1055                           ;	WRT0 = 0x1, unprogrammed default
  1056                           ;	Write Protection bit
  1057                           ;	WRT1 = 0x1, unprogrammed default
  1058                           ;	Write Protection bit
  1059                           ;	WRT2 = 0x1, unprogrammed default
  1060                           ;	Write Protection bit
  1061                           ;	WRT3 = 0x1, unprogrammed default
  1062   30000A                     	org	3145738
  1063   30000A  0F                 	db	15
  1064                           
  1065                           ;Config register CONFIG6H @ 0x30000B
  1066                           ;	unspecified, using default values
  1067                           ;	Configuration Register Write Protection bit
  1068                           ;	WRTC = 0x1, unprogrammed default
  1069                           ;	Boot Block Write Protection bit
  1070                           ;	WRTB = 0x1, unprogrammed default
  1071                           ;	Data EEPROM Write Protection bit
  1072                           ;	WRTD = 0x1, unprogrammed default
  1073   30000B                     	org	3145739
  1074   30000B  E0                 	db	224
  1075                           
  1076                           ;Config register CONFIG7L @ 0x30000C
  1077                           ;	unspecified, using default values
  1078                           ;	Table Read Protection bit
  1079                           ;	EBTR0 = 0x1, unprogrammed default
  1080                           ;	Table Read Protection bit
  1081                           ;	EBTR1 = 0x1, unprogrammed default
  1082                           ;	Table Read Protection bit
  1083                           ;	EBTR2 = 0x1, unprogrammed default
  1084                           ;	Table Read Protection bit
  1085                           ;	EBTR3 = 0x1, unprogrammed default
  1086   30000C                     	org	3145740
  1087   30000C  0F                 	db	15
  1088                           
  1089                           ;Config register CONFIG7H @ 0x30000D
  1090                           ;	unspecified, using default values
  1091                           ;	Boot Block Table Read Protection bit
  1092                           ;	EBTRB = 0x1, unprogrammed default
  1093   30000D                     	org	3145741
  1094   30000D  40                 	db	64
  1095                           tosu	equ	0xFFF
  1096                           tosh	equ	0xFFE
  1097                           tosl	equ	0xFFD
  1098                           stkptr	equ	0xFFC
  1099                           pclatu	equ	0xFFB
  1100                           pclath	equ	0xFFA
  1101                           pcl	equ	0xFF9
  1102                           tblptru	equ	0xFF8
  1103                           tblptrh	equ	0xFF7
  1104                           tblptrl	equ	0xFF6
  1105                           tablat	equ	0xFF5
  1106                           prodh	equ	0xFF4
  1107                           prodl	equ	0xFF3
  1108                           indf0	equ	0xFEF
  1109                           postinc0	equ	0xFEE
  1110                           postdec0	equ	0xFED
  1111                           preinc0	equ	0xFEC
  1112                           plusw0	equ	0xFEB
  1113                           fsr0h	equ	0xFEA
  1114                           fsr0l	equ	0xFE9
  1115                           wreg	equ	0xFE8
  1116                           indf1	equ	0xFE7
  1117                           postinc1	equ	0xFE6
  1118                           postdec1	equ	0xFE5
  1119                           preinc1	equ	0xFE4
  1120                           plusw1	equ	0xFE3
  1121                           fsr1h	equ	0xFE2
  1122                           fsr1l	equ	0xFE1
  1123                           bsr	equ	0xFE0
  1124                           indf2	equ	0xFDF
  1125                           postinc2	equ	0xFDE
  1126                           postdec2	equ	0xFDD
  1127                           preinc2	equ	0xFDC
  1128                           plusw2	equ	0xFDB
  1129                           fsr2h	equ	0xFDA
  1130                           fsr2l	equ	0xFD9
  1131                           status	equ	0xFD8

Data Sizes:
    Strings     0
    Constant    0
    Data        4
    BSS         4
    Persistent  0
    Stack       0

Auto Spaces:
    Space          Size  Autos    Used
    COMRAM           95     16      24
    BANK0           160      0       0
    BANK1           256      0       0
    BANK2           256      0       0
    BANK3           256      0       0
    BANK4           256      0       0
    BANK5           256      0       0

Pointer List with Targets:

    None.

Critical Paths under _main in COMRAM

    None.

Critical Paths under _main in BANK0

    None.

Critical Paths under _main in BANK1

    None.

Critical Paths under _main in BANK2

    None.

Critical Paths under _main in BANK3

    None.

Critical Paths under _main in BANK4

    None.

Critical Paths under _main in BANK5

    None.

Call Graph Tables:

 ---------------------------------------------------------------------------------
 (Depth) Function   	        Calls       Base Space   Used Autos Params    Refs
 ---------------------------------------------------------------------------------
 (0) _main                                                16    16      0      60
                                              0 COMRAM    16    16      0
                        _init_config
                       _software_pwm
 ---------------------------------------------------------------------------------
 (1) _software_pwm                                         0     0      0       0
 ---------------------------------------------------------------------------------
 (1) _init_config                                          0     0      0       0
 ---------------------------------------------------------------------------------
 Estimated maximum stack depth 1
 ---------------------------------------------------------------------------------

 Call Graph Graphs:

 _main (ROOT)
   _init_config
   _software_pwm

Address spaces:
Name               Size   Autos  Total    Usage
BIGRAM            1535      0       0      0.0%
BITBIGSFRl         641      0       0      0.0%
BITBANK5           256      0       0      0.0%
BANK5              256      0       0      0.0%
BITBANK4           256      0       0      0.0%
BANK4              256      0       0      0.0%
BITBANK3           256      0       0      0.0%
BANK3              256      0       0      0.0%
BITBANK2           256      0       0      0.0%
BANK2              256      0       0      0.0%
BITBANK1           256      0       0      0.0%
BANK1              256      0       0      0.0%
BITBANK0           160      0       0      0.0%
BANK0              160      0       0      0.0%
BITBIGSFRh         126      0       0      0.0%
BITCOMRAM           95      0       0      0.0%
COMRAM              95     16      24     25.3%
STACK                0      0       0      0.0%
DATA                 0      0      24      0.0%


Microchip Technology PIC18 Macro Assembler V2.50 build 20240725155939 
Symbol Table                                                                                   Fri Jan 03 09:41:20 2025

                     l21 0740                       l15 0776                       l18 070A  
                     u10 0704                       u11 0700                       u20 0730  
                     u21 072C                       u30 0640                       u31 063C  
                     u40 0676                       u41 0672                       u50 06AC  
                     u51 06A8                       u60 06E2                       u61 06DE  
                    l721 0704                      l723 070C                      l731 060A  
                    l717 0770                      l725 0730                      l741 0686  
                    l733 061A                      l719 06EA                      l743 06AC  
                    l735 0640                      l727 0602                      l745 06BC  
                    l737 0650                      l729 0606                      l739 0676  
                    _RB0 7C08                      _RB1 7C09             _software_pwm 06EA  
            main@wait_40 0005              main@wait_41 0009              main@wait_42 000D  
                   _main 0602                     fsr1l 0FE1                     start 0000  
           ___param_bank 0000                    ?_main 0001             ?_init_config 0001  
                  _PORTB 0F81                    _TRISB 0F93                    tablat 0FF5  
                  status 0FD8          __initialization 0742             __end_of_main 06EA  
                 ??_main 0001            __activetblptr 0000                   isa$std 0001  
           __pdataCOMRAM 0015             __mediumconst 0000                   tblptrh 0FF7  
                 tblptrl 0FF6                   tblptru 0FF8               __accesstop 0060  
__end_of__initialization 076A            ___rparam_used 0001           __pcstackCOMRAM 0001  
                __Hparam 0000                  __Lparam 0000             __psmallconst 0600  
                __pcinit 0742                  __ramtop 0600                  __ptext0 0602  
                __ptext1 06EA                  __ptext2 0770               _duty_cycle 0015  
   end_of_initialization 076A                  postdec1 0FE5                  postinc0 0FEE  
          __pidataCOMRAM 0778            ?_software_pwm 0001      start_initialization 0742  
          ??_init_config 0001           ??_software_pwm 0001              __pbssCOMRAM 0011  
            __smallconst 0600      __end_of_init_config 0778                copy_data0 0756  
   __end_of_software_pwm 0742                 __Hrparam 0000                 __Lrparam 0000  
            _init_config 0770                 isa$xinst 0000                 main@wait 0001  
          _program_cycle 0011  
