

Microchip MPLAB XC8 Assembler V2.50 build 20240725155939 
                                                                                               Sat Dec 21 20:47:19 2024

Microchip MPLAB XC8 C Compiler v2.50 (Free license) build 20240725155939 Og1 
     1                           	processor	18F4580
     2                           	fnconf	rparam,??,?,0
     3                           	pagewidth 120
     4                           	opt	flic
     5                           	psect	cinit,global,reloc=2,class=CODE,space=0,delta=1
     6                           	psect	cstackCOMRAM,global,class=COMRAM,space=1,delta=1,lowdata,noexec
     7                           	psect	text0,global,reloc=2,class=CODE,space=0,delta=1
     8                           	psect	text1,global,reloc=2,class=CODE,space=0,delta=1
     9                           	psect	smallconst,global,reloc=2,class=SMALLCONST,space=0,delta=1,noexec
    10                           	psect	intsave_regs,global,class=BIGRAM,space=1,delta=1,noexec
    11                           	psect	rparam,global,class=COMRAM,space=1,delta=1,noexec
    12                           	psect	idloc,global,abs,ovrld,class=IDLOC,space=5,delta=1,noexec
    13                           	psect	config,global,abs,ovrld,class=CONFIG,space=4,delta=1,noexec
    14   000000                     
    15                           ; Version 2.20
    16                           ; Generated 12/02/2020 GMT
    17                           ; 
    18                           ; Copyright © 2020, Microchip Technology Inc. and its subsidiaries ("Microchip")
    19                           ; All rights reserved.
    20                           ; 
    21                           ; This software is developed by Microchip Technology Inc. and its subsidiaries ("Microch
      +                          ip").
    22                           ; 
    23                           ; Redistribution and use in source and binary forms, with or without modification, are
    24                           ; permitted provided that the following conditions are met:
    25                           ; 
    26                           ;     1. Redistributions of source code must retain the above copyright notice, this lis
      +                          t of
    27                           ;        conditions and the following disclaimer.
    28                           ; 
    29                           ;     2. Redistributions in binary form must reproduce the above copyright notice, this 
      +                          list
    30                           ;        of conditions and the following disclaimer in the documentation and/or other
    31                           ;        materials provided with the distribution.
    32                           ; 
    33                           ;     3. Microchip's name may not be used to endorse or promote products derived from th
      +                          is
    34                           ;        software without specific prior written permission.
    35                           ; 
    36                           ; THIS SOFTWARE IS PROVIDED BY MICROCHIP "AS IS" AND ANY EXPRESS OR IMPLIED WARRANTIES,
    37                           ; INCLUDING, BUT NOT LIMITED TO, THE IMPLIED WARRANTIES OF MERCHANTABILITY AND FITNESS F
      +                          OR
    38                           ; PURPOSE ARE DISCLAIMED.  IN NO EVENT SHALL MICROCHIP BE LIABLE FOR ANY DIRECT, INDIREC
      +                          T,
    39                           ; INCIDENTAL, SPECIAL, EXEMPLARY, OR CONSEQUENTIAL DAMAGES (INCLUDING BUT NOT LIMITED TO
    40                           ; PROCUREMENT OF SUBSTITUTE GOODS OR SERVICES; LOSS OF USE, DATA OR PROFITS; OR BUSINESS
    41                           ; INTERRUPTION) HOWSOEVER CAUSED AND ON ANY THEORY OF LIABILITY, WHETHER IN CONTRACT, ST
      +                          RICT
    42                           ; LIABILITY, OR TORT (INCLUDING NEGLIGENCE OR OTHERWISE) ARISING IN ANY WAY OUT OF THE U
      +                          SE OF
    43                           ; THIS SOFTWARE, EVEN IF ADVISED OF THE POSSIBILITY OF SUCH DAMAGE.
    44                           ; 
    45                           ; 
    46                           ; Code-generator required, PIC18F4580 Definitions
    47                           ; 
    48                           ; SFR Addresses
    49   000FE0                     bsr             equ	4064
    50   000FE9                     fsr0            equ	4073
    51   000FEA                     fsr0h           equ	4074
    52   000FE9                     fsr0l           equ	4073
    53   000FE1                     fsr1            equ	4065
    54   000FE2                     fsr1h           equ	4066
    55   000FE1                     fsr1l           equ	4065
    56   000FD9                     fsr2            equ	4057
    57   000FDA                     fsr2h           equ	4058
    58   000FD9                     fsr2l           equ	4057
    59   000FEF                     indf0           equ	4079
    60   000FE7                     indf1           equ	4071
    61   000FDF                     indf2           equ	4063
    62   000FF2                     intcon          equ	4082
    63   000000                     nvmcon          equ	0
    64   000FF9                     pcl             equ	4089
    65   000FFA                     pclath          equ	4090
    66   000FFB                     pclatu          equ	4091
    67   000FEB                     plusw0          equ	4075
    68   000FE3                     plusw1          equ	4067
    69   000FDB                     plusw2          equ	4059
    70   000FED                     postdec0        equ	4077
    71   000FE5                     postdec1        equ	4069
    72   000FDD                     postdec2        equ	4061
    73   000FEE                     postinc0        equ	4078
    74   000FE6                     postinc1        equ	4070
    75   000FDE                     postinc2        equ	4062
    76   000FEC                     preinc0         equ	4076
    77   000FE4                     preinc1         equ	4068
    78   000FDC                     preinc2         equ	4060
    79   000FF3                     prod            equ	4083
    80   000FF4                     prodh           equ	4084
    81   000FF3                     prodl           equ	4083
    82   000FD8                     status          equ	4056
    83   000FF5                     tablat          equ	4085
    84   000FF6                     tblptr          equ	4086
    85   000FF7                     tblptrh         equ	4087
    86   000FF6                     tblptrl         equ	4086
    87   000FF8                     tblptru         equ	4088
    88   000FFD                     tosl            equ	4093
    89   000FE8                     wreg            equ	4072
    90   000D60                     RXF6SIDH        equ	3424	;# 
    91   000D61                     RXF6SIDL        equ	3425	;# 
    92   000D62                     RXF6EIDH        equ	3426	;# 
    93   000D63                     RXF6EIDL        equ	3427	;# 
    94   000D64                     RXF7SIDH        equ	3428	;# 
    95   000D65                     RXF7SIDL        equ	3429	;# 
    96   000D66                     RXF7EIDH        equ	3430	;# 
    97   000D67                     RXF7EIDL        equ	3431	;# 
    98   000D68                     RXF8SIDH        equ	3432	;# 
    99   000D69                     RXF8SIDL        equ	3433	;# 
   100   000D6A                     RXF8EIDH        equ	3434	;# 
   101   000D6B                     RXF8EIDL        equ	3435	;# 
   102   000D70                     RXF9SIDH        equ	3440	;# 
   103   000D71                     RXF9SIDL        equ	3441	;# 
   104   000D72                     RXF9EIDH        equ	3442	;# 
   105   000D73                     RXF9EIDL        equ	3443	;# 
   106   000D74                     RXF10SIDH       equ	3444	;# 
   107   000D75                     RXF10SIDL       equ	3445	;# 
   108   000D76                     RXF10EIDH       equ	3446	;# 
   109   000D77                     RXF10EIDL       equ	3447	;# 
   110   000D78                     RXF11SIDH       equ	3448	;# 
   111   000D79                     RXF11SIDL       equ	3449	;# 
   112   000D7A                     RXF11EIDH       equ	3450	;# 
   113   000D7B                     RXF11EIDL       equ	3451	;# 
   114   000D80                     RXF12SIDH       equ	3456	;# 
   115   000D81                     RXF12SIDL       equ	3457	;# 
   116   000D82                     RXF12EIDH       equ	3458	;# 
   117   000D83                     RXF12EIDL       equ	3459	;# 
   118   000D84                     RXF13SIDH       equ	3460	;# 
   119   000D85                     RXF13SIDL       equ	3461	;# 
   120   000D86                     RXF13EIDH       equ	3462	;# 
   121   000D87                     RXF13EIDL       equ	3463	;# 
   122   000D88                     RXF14SIDH       equ	3464	;# 
   123   000D89                     RXF14SIDL       equ	3465	;# 
   124   000D8A                     RXF14EIDH       equ	3466	;# 
   125   000D8B                     RXF14EIDL       equ	3467	;# 
   126   000D90                     RXF15SIDH       equ	3472	;# 
   127   000D91                     RXF15SIDL       equ	3473	;# 
   128   000D92                     RXF15EIDH       equ	3474	;# 
   129   000D93                     RXF15EIDL       equ	3475	;# 
   130   000DD4                     RXFCON0         equ	3540	;# 
   131   000DD5                     RXFCON1         equ	3541	;# 
   132   000DD8                     SDFLC           equ	3544	;# 
   133   000DE0                     RXFBCON0        equ	3552	;# 
   134   000DE1                     RXFBCON1        equ	3553	;# 
   135   000DE2                     RXFBCON2        equ	3554	;# 
   136   000DE3                     RXFBCON3        equ	3555	;# 
   137   000DE4                     RXFBCON4        equ	3556	;# 
   138   000DE5                     RXFBCON5        equ	3557	;# 
   139   000DE6                     RXFBCON6        equ	3558	;# 
   140   000DE7                     RXFBCON7        equ	3559	;# 
   141   000DF0                     MSEL0           equ	3568	;# 
   142   000DF1                     MSEL1           equ	3569	;# 
   143   000DF2                     MSEL2           equ	3570	;# 
   144   000DF3                     MSEL3           equ	3571	;# 
   145   000DF8                     BSEL0           equ	3576	;# 
   146   000DFA                     BIE0            equ	3578	;# 
   147   000DFC                     TXBIE           equ	3580	;# 
   148   000E20                     B0CON           equ	3616	;# 
   149   000E21                     B0SIDH          equ	3617	;# 
   150   000E22                     B0SIDL          equ	3618	;# 
   151   000E23                     B0EIDH          equ	3619	;# 
   152   000E24                     B0EIDL          equ	3620	;# 
   153   000E25                     B0DLC           equ	3621	;# 
   154   000E26                     B0D0            equ	3622	;# 
   155   000E27                     B0D1            equ	3623	;# 
   156   000E28                     B0D2            equ	3624	;# 
   157   000E29                     B0D3            equ	3625	;# 
   158   000E2A                     B0D4            equ	3626	;# 
   159   000E2B                     B0D5            equ	3627	;# 
   160   000E2C                     B0D6            equ	3628	;# 
   161   000E2D                     B0D7            equ	3629	;# 
   162   000E2E                     CANSTAT_RO9     equ	3630	;# 
   163   000E2F                     CANCON_RO9      equ	3631	;# 
   164   000E30                     B1CON           equ	3632	;# 
   165   000E31                     B1SIDH          equ	3633	;# 
   166   000E32                     B1SIDL          equ	3634	;# 
   167   000E33                     B1EIDH          equ	3635	;# 
   168   000E34                     B1EIDL          equ	3636	;# 
   169   000E35                     B1DLC           equ	3637	;# 
   170   000E36                     B1D0            equ	3638	;# 
   171   000E37                     B1D1            equ	3639	;# 
   172   000E38                     B1D2            equ	3640	;# 
   173   000E39                     B1D3            equ	3641	;# 
   174   000E3A                     B1D4            equ	3642	;# 
   175   000E3B                     B1D5            equ	3643	;# 
   176   000E3C                     B1D6            equ	3644	;# 
   177   000E3D                     B1D7            equ	3645	;# 
   178   000E3E                     CANSTAT_RO8     equ	3646	;# 
   179   000E3F                     CANCON_RO8      equ	3647	;# 
   180   000E40                     B2CON           equ	3648	;# 
   181   000E41                     B2SIDH          equ	3649	;# 
   182   000E42                     B2SIDL          equ	3650	;# 
   183   000E43                     B2EIDH          equ	3651	;# 
   184   000E44                     B2EIDL          equ	3652	;# 
   185   000E45                     B2DLC           equ	3653	;# 
   186   000E46                     B2D0            equ	3654	;# 
   187   000E47                     B2D1            equ	3655	;# 
   188   000E48                     B2D2            equ	3656	;# 
   189   000E49                     B2D3            equ	3657	;# 
   190   000E4A                     B2D4            equ	3658	;# 
   191   000E4B                     B2D5            equ	3659	;# 
   192   000E4C                     B2D6            equ	3660	;# 
   193   000E4D                     B2D7            equ	3661	;# 
   194   000E4E                     CANSTAT_RO7     equ	3662	;# 
   195   000E4F                     CANCON_RO7      equ	3663	;# 
   196   000E50                     B3CON           equ	3664	;# 
   197   000E51                     B3SIDH          equ	3665	;# 
   198   000E52                     B3SIDL          equ	3666	;# 
   199   000E53                     B3EIDH          equ	3667	;# 
   200   000E54                     B3EIDL          equ	3668	;# 
   201   000E55                     B3DLC           equ	3669	;# 
   202   000E56                     B3D0            equ	3670	;# 
   203   000E57                     B3D1            equ	3671	;# 
   204   000E58                     B3D2            equ	3672	;# 
   205   000E59                     B3D3            equ	3673	;# 
   206   000E5A                     B3D4            equ	3674	;# 
   207   000E5B                     B3D5            equ	3675	;# 
   208   000E5C                     B3D6            equ	3676	;# 
   209   000E5D                     B3D7            equ	3677	;# 
   210   000E5E                     CANSTAT_RO6     equ	3678	;# 
   211   000E5F                     CANCON_RO6      equ	3679	;# 
   212   000E60                     B4CON           equ	3680	;# 
   213   000E61                     B4SIDH          equ	3681	;# 
   214   000E62                     B4SIDL          equ	3682	;# 
   215   000E63                     B4EIDH          equ	3683	;# 
   216   000E64                     B4EIDL          equ	3684	;# 
   217   000E65                     B4DLC           equ	3685	;# 
   218   000E66                     B4D0            equ	3686	;# 
   219   000E67                     B4D1            equ	3687	;# 
   220   000E68                     B4D2            equ	3688	;# 
   221   000E69                     B4D3            equ	3689	;# 
   222   000E6A                     B4D4            equ	3690	;# 
   223   000E6B                     B4D5            equ	3691	;# 
   224   000E6C                     B4D6            equ	3692	;# 
   225   000E6D                     B4D7            equ	3693	;# 
   226   000E6E                     CANSTAT_RO5     equ	3694	;# 
   227   000E6F                     CANCON_RO5      equ	3695	;# 
   228   000E70                     B5CON           equ	3696	;# 
   229   000E71                     B5SIDH          equ	3697	;# 
   230   000E72                     B5SIDL          equ	3698	;# 
   231   000E73                     B5EIDH          equ	3699	;# 
   232   000E74                     B5EIDL          equ	3700	;# 
   233   000E75                     B5DLC           equ	3701	;# 
   234   000E76                     B5D0            equ	3702	;# 
   235   000E77                     B5D1            equ	3703	;# 
   236   000E78                     B5D2            equ	3704	;# 
   237   000E79                     B5D3            equ	3705	;# 
   238   000E7A                     B5D4            equ	3706	;# 
   239   000E7B                     B5D5            equ	3707	;# 
   240   000E7C                     B5D6            equ	3708	;# 
   241   000E7D                     B5D7            equ	3709	;# 
   242   000E7E                     CANSTAT_RO4     equ	3710	;# 
   243   000E7F                     CANCON_RO4      equ	3711	;# 
   244   000F00                     RXF0SIDH        equ	3840	;# 
   245   000F01                     RXF0SIDL        equ	3841	;# 
   246   000F02                     RXF0EIDH        equ	3842	;# 
   247   000F03                     RXF0EIDL        equ	3843	;# 
   248   000F04                     RXF1SIDH        equ	3844	;# 
   249   000F05                     RXF1SIDL        equ	3845	;# 
   250   000F06                     RXF1EIDH        equ	3846	;# 
   251   000F07                     RXF1EIDL        equ	3847	;# 
   252   000F08                     RXF2SIDH        equ	3848	;# 
   253   000F09                     RXF2SIDL        equ	3849	;# 
   254   000F0A                     RXF2EIDH        equ	3850	;# 
   255   000F0B                     RXF2EIDL        equ	3851	;# 
   256   000F0C                     RXF3SIDH        equ	3852	;# 
   257   000F0D                     RXF3SIDL        equ	3853	;# 
   258   000F0E                     RXF3EIDH        equ	3854	;# 
   259   000F0F                     RXF3EIDL        equ	3855	;# 
   260   000F10                     RXF4SIDH        equ	3856	;# 
   261   000F11                     RXF4SIDL        equ	3857	;# 
   262   000F12                     RXF4EIDH        equ	3858	;# 
   263   000F13                     RXF4EIDL        equ	3859	;# 
   264   000F14                     RXF5SIDH        equ	3860	;# 
   265   000F15                     RXF5SIDL        equ	3861	;# 
   266   000F16                     RXF5EIDH        equ	3862	;# 
   267   000F17                     RXF5EIDL        equ	3863	;# 
   268   000F18                     RXM0SIDH        equ	3864	;# 
   269   000F19                     RXM0SIDL        equ	3865	;# 
   270   000F1A                     RXM0EIDH        equ	3866	;# 
   271   000F1B                     RXM0EIDL        equ	3867	;# 
   272   000F1C                     RXM1SIDH        equ	3868	;# 
   273   000F1D                     RXM1SIDL        equ	3869	;# 
   274   000F1E                     RXM1EIDH        equ	3870	;# 
   275   000F1F                     RXM1EIDL        equ	3871	;# 
   276   000F20                     TXB2CON         equ	3872	;# 
   277   000F21                     TXB2SIDH        equ	3873	;# 
   278   000F22                     TXB2SIDL        equ	3874	;# 
   279   000F23                     TXB2EIDH        equ	3875	;# 
   280   000F24                     TXB2EIDL        equ	3876	;# 
   281   000F25                     TXB2DLC         equ	3877	;# 
   282   000F26                     TXB2D0          equ	3878	;# 
   283   000F27                     TXB2D1          equ	3879	;# 
   284   000F28                     TXB2D2          equ	3880	;# 
   285   000F29                     TXB2D3          equ	3881	;# 
   286   000F2A                     TXB2D4          equ	3882	;# 
   287   000F2B                     TXB2D5          equ	3883	;# 
   288   000F2C                     TXB2D6          equ	3884	;# 
   289   000F2D                     TXB2D7          equ	3885	;# 
   290   000F2E                     CANSTAT_RO3     equ	3886	;# 
   291   000F2F                     CANCON_RO3      equ	3887	;# 
   292   000F30                     TXB1CON         equ	3888	;# 
   293   000F31                     TXB1SIDH        equ	3889	;# 
   294   000F32                     TXB1SIDL        equ	3890	;# 
   295   000F33                     TXB1EIDH        equ	3891	;# 
   296   000F34                     TXB1EIDL        equ	3892	;# 
   297   000F35                     TXB1DLC         equ	3893	;# 
   298   000F36                     TXB1D0          equ	3894	;# 
   299   000F37                     TXB1D1          equ	3895	;# 
   300   000F38                     TXB1D2          equ	3896	;# 
   301   000F39                     TXB1D3          equ	3897	;# 
   302   000F3A                     TXB1D4          equ	3898	;# 
   303   000F3B                     TXB1D5          equ	3899	;# 
   304   000F3C                     TXB1D6          equ	3900	;# 
   305   000F3D                     TXB1D7          equ	3901	;# 
   306   000F3E                     CANSTAT_RO2     equ	3902	;# 
   307   000F3F                     CANCON_RO2      equ	3903	;# 
   308   000F40                     TXB0CON         equ	3904	;# 
   309   000F41                     TXB0SIDH        equ	3905	;# 
   310   000F42                     TXB0SIDL        equ	3906	;# 
   311   000F43                     TXB0EIDH        equ	3907	;# 
   312   000F44                     TXB0EIDL        equ	3908	;# 
   313   000F45                     TXB0DLC         equ	3909	;# 
   314   000F46                     TXB0D0          equ	3910	;# 
   315   000F47                     TXB0D1          equ	3911	;# 
   316   000F48                     TXB0D2          equ	3912	;# 
   317   000F49                     TXB0D3          equ	3913	;# 
   318   000F4A                     TXB0D4          equ	3914	;# 
   319   000F4B                     TXB0D5          equ	3915	;# 
   320   000F4C                     TXB0D6          equ	3916	;# 
   321   000F4D                     TXB0D7          equ	3917	;# 
   322   000F4E                     CANSTAT_RO1     equ	3918	;# 
   323   000F4F                     CANCON_RO1      equ	3919	;# 
   324   000F50                     RXB1CON         equ	3920	;# 
   325   000F51                     RXB1SIDH        equ	3921	;# 
   326   000F52                     RXB1SIDL        equ	3922	;# 
   327   000F53                     RXB1EIDH        equ	3923	;# 
   328   000F54                     RXB1EIDL        equ	3924	;# 
   329   000F55                     RXB1DLC         equ	3925	;# 
   330   000F56                     RXB1D0          equ	3926	;# 
   331   000F57                     RXB1D1          equ	3927	;# 
   332   000F58                     RXB1D2          equ	3928	;# 
   333   000F59                     RXB1D3          equ	3929	;# 
   334   000F5A                     RXB1D4          equ	3930	;# 
   335   000F5B                     RXB1D5          equ	3931	;# 
   336   000F5C                     RXB1D6          equ	3932	;# 
   337   000F5D                     RXB1D7          equ	3933	;# 
   338   000F5E                     CANSTAT_RO0     equ	3934	;# 
   339   000F5F                     CANCON_RO0      equ	3935	;# 
   340   000F60                     RXB0CON         equ	3936	;# 
   341   000F61                     RXB0SIDH        equ	3937	;# 
   342   000F62                     RXB0SIDL        equ	3938	;# 
   343   000F63                     RXB0EIDH        equ	3939	;# 
   344   000F64                     RXB0EIDL        equ	3940	;# 
   345   000F65                     RXB0DLC         equ	3941	;# 
   346   000F66                     RXB0D0          equ	3942	;# 
   347   000F67                     RXB0D1          equ	3943	;# 
   348   000F68                     RXB0D2          equ	3944	;# 
   349   000F69                     RXB0D3          equ	3945	;# 
   350   000F6A                     RXB0D4          equ	3946	;# 
   351   000F6B                     RXB0D5          equ	3947	;# 
   352   000F6C                     RXB0D6          equ	3948	;# 
   353   000F6D                     RXB0D7          equ	3949	;# 
   354   000F6E                     CANSTAT         equ	3950	;# 
   355   000F6F                     CANCON          equ	3951	;# 
   356   000F70                     BRGCON1         equ	3952	;# 
   357   000F71                     BRGCON2         equ	3953	;# 
   358   000F72                     BRGCON3         equ	3954	;# 
   359   000F73                     CIOCON          equ	3955	;# 
   360   000F74                     COMSTAT         equ	3956	;# 
   361   000F75                     RXERRCNT        equ	3957	;# 
   362   000F76                     TXERRCNT        equ	3958	;# 
   363   000F77                     ECANCON         equ	3959	;# 
   364   000F80                     PORTA           equ	3968	;# 
   365   000F81                     PORTB           equ	3969	;# 
   366   000F82                     PORTC           equ	3970	;# 
   367   000F83                     PORTD           equ	3971	;# 
   368   000F84                     PORTE           equ	3972	;# 
   369   000F89                     LATA            equ	3977	;# 
   370   000F8A                     LATB            equ	3978	;# 
   371   000F8B                     LATC            equ	3979	;# 
   372   000F8C                     LATD            equ	3980	;# 
   373   000F8D                     LATE            equ	3981	;# 
   374   000F92                     TRISA           equ	3986	;# 
   375   000F92                     DDRA            equ	3986	;# 
   376   000F93                     TRISB           equ	3987	;# 
   377   000F93                     DDRB            equ	3987	;# 
   378   000F94                     TRISC           equ	3988	;# 
   379   000F94                     DDRC            equ	3988	;# 
   380   000F95                     TRISD           equ	3989	;# 
   381   000F95                     DDRD            equ	3989	;# 
   382   000F96                     TRISE           equ	3990	;# 
   383   000F96                     DDRE            equ	3990	;# 
   384   000F9B                     OSCTUNE         equ	3995	;# 
   385   000F9D                     PIE1            equ	3997	;# 
   386   000F9E                     PIR1            equ	3998	;# 
   387   000F9F                     IPR1            equ	3999	;# 
   388   000FA0                     PIE2            equ	4000	;# 
   389   000FA1                     PIR2            equ	4001	;# 
   390   000FA2                     IPR2            equ	4002	;# 
   391   000FA3                     PIE3            equ	4003	;# 
   392   000FA4                     PIR3            equ	4004	;# 
   393   000FA5                     IPR3            equ	4005	;# 
   394   000FA6                     EECON1          equ	4006	;# 
   395   000FA7                     EECON2          equ	4007	;# 
   396   000FA8                     EEDATA          equ	4008	;# 
   397   000FA9                     EEADR           equ	4009	;# 
   398   000FAB                     RCSTA           equ	4011	;# 
   399   000FAB                     RCSTA1          equ	4011	;# 
   400   000FAC                     TXSTA           equ	4012	;# 
   401   000FAC                     TXSTA1          equ	4012	;# 
   402   000FAD                     TXREG           equ	4013	;# 
   403   000FAD                     TXREG1          equ	4013	;# 
   404   000FAE                     RCREG           equ	4014	;# 
   405   000FAE                     RCREG1          equ	4014	;# 
   406   000FAF                     SPBRG           equ	4015	;# 
   407   000FAF                     SPBRG1          equ	4015	;# 
   408   000FB0                     SPBRGH          equ	4016	;# 
   409   000FB1                     T3CON           equ	4017	;# 
   410   000FB2                     TMR3            equ	4018	;# 
   411   000FB2                     TMR3L           equ	4018	;# 
   412   000FB3                     TMR3H           equ	4019	;# 
   413   000FB4                     CMCON           equ	4020	;# 
   414   000FB5                     CVRCON          equ	4021	;# 
   415   000FB6                     ECCP1AS         equ	4022	;# 
   416   000FB7                     ECCP1DEL        equ	4023	;# 
   417   000FB8                     BAUDCON         equ	4024	;# 
   418   000FB8                     BAUDCTL         equ	4024	;# 
   419   000FBA                     ECCP1CON        equ	4026	;# 
   420   000FBB                     ECCPR1          equ	4027	;# 
   421   000FBB                     ECCPR1L         equ	4027	;# 
   422   000FBC                     ECCPR1H         equ	4028	;# 
   423   000FBD                     CCP1CON         equ	4029	;# 
   424   000FBE                     CCPR1           equ	4030	;# 
   425   000FBE                     CCPR1L          equ	4030	;# 
   426   000FBF                     CCPR1H          equ	4031	;# 
   427   000FC0                     ADCON2          equ	4032	;# 
   428   000FC1                     ADCON1          equ	4033	;# 
   429   000FC2                     ADCON0          equ	4034	;# 
   430   000FC3                     ADRES           equ	4035	;# 
   431   000FC3                     ADRESL          equ	4035	;# 
   432   000FC4                     ADRESH          equ	4036	;# 
   433   000FC5                     SSPCON2         equ	4037	;# 
   434   000FC6                     SSPCON1         equ	4038	;# 
   435   000FC7                     SSPSTAT         equ	4039	;# 
   436   000FC8                     SSPADD          equ	4040	;# 
   437   000FC9                     SSPBUF          equ	4041	;# 
   438   000FCA                     T2CON           equ	4042	;# 
   439   000FCB                     PR2             equ	4043	;# 
   440   000FCB                     MEMCON          equ	4043	;# 
   441   000FCC                     TMR2            equ	4044	;# 
   442   000FCD                     T1CON           equ	4045	;# 
   443   000FCE                     TMR1            equ	4046	;# 
   444   000FCE                     TMR1L           equ	4046	;# 
   445   000FCF                     TMR1H           equ	4047	;# 
   446   000FD0                     RCON            equ	4048	;# 
   447   000FD1                     WDTCON          equ	4049	;# 
   448   000FD2                     HLVDCON         equ	4050	;# 
   449   000FD2                     LVDCON          equ	4050	;# 
   450   000FD3                     OSCCON          equ	4051	;# 
   451   000FD5                     T0CON           equ	4053	;# 
   452   000FD6                     TMR0            equ	4054	;# 
   453   000FD6                     TMR0L           equ	4054	;# 
   454   000FD7                     TMR0H           equ	4055	;# 
   455   000FD8                     STATUS          equ	4056	;# 
   456   000FD9                     FSR2            equ	4057	;# 
   457   000FD9                     FSR2L           equ	4057	;# 
   458   000FDA                     FSR2H           equ	4058	;# 
   459   000FDB                     PLUSW2          equ	4059	;# 
   460   000FDC                     PREINC2         equ	4060	;# 
   461   000FDD                     POSTDEC2        equ	4061	;# 
   462   000FDE                     POSTINC2        equ	4062	;# 
   463   000FDF                     INDF2           equ	4063	;# 
   464   000FE0                     BSR             equ	4064	;# 
   465   000FE1                     FSR1            equ	4065	;# 
   466   000FE1                     FSR1L           equ	4065	;# 
   467   000FE2                     FSR1H           equ	4066	;# 
   468   000FE3                     PLUSW1          equ	4067	;# 
   469   000FE4                     PREINC1         equ	4068	;# 
   470   000FE5                     POSTDEC1        equ	4069	;# 
   471   000FE6                     POSTINC1        equ	4070	;# 
   472   000FE7                     INDF1           equ	4071	;# 
   473   000FE8                     WREG            equ	4072	;# 
   474   000FE9                     FSR0            equ	4073	;# 
   475   000FE9                     FSR0L           equ	4073	;# 
   476   000FEA                     FSR0H           equ	4074	;# 
   477   000FEB                     PLUSW0          equ	4075	;# 
   478   000FEC                     PREINC0         equ	4076	;# 
   479   000FED                     POSTDEC0        equ	4077	;# 
   480   000FEE                     POSTINC0        equ	4078	;# 
   481   000FEF                     INDF0           equ	4079	;# 
   482   000FF0                     INTCON3         equ	4080	;# 
   483   000FF1                     INTCON2         equ	4081	;# 
   484   000FF2                     INTCON          equ	4082	;# 
   485   000FF3                     PROD            equ	4083	;# 
   486   000FF3                     PRODL           equ	4083	;# 
   487   000FF4                     PRODH           equ	4084	;# 
   488   000FF5                     TABLAT          equ	4085	;# 
   489   000FF6                     TBLPTR          equ	4086	;# 
   490   000FF6                     TBLPTRL         equ	4086	;# 
   491   000FF7                     TBLPTRH         equ	4087	;# 
   492   000FF8                     TBLPTRU         equ	4088	;# 
   493   000FF9                     PCLAT           equ	4089	;# 
   494   000FF9                     PC              equ	4089	;# 
   495   000FF9                     PCL             equ	4089	;# 
   496   000FFA                     PCLATH          equ	4090	;# 
   497   000FFB                     PCLATU          equ	4091	;# 
   498   000FFC                     STKPTR          equ	4092	;# 
   499   000FFD                     TOS             equ	4093	;# 
   500   000FFD                     TOSL            equ	4093	;# 
   501   000FFE                     TOSH            equ	4094	;# 
   502   000FFF                     TOSU            equ	4095	;# 
   503   000F81                     _PORTB          set	3969
   504   000F93                     _TRISB          set	3987
   505                           
   506                           ; #config settings
   507                           
   508                           	psect	cinit
   509   00066E                     __pcinit:
   510                           	callstack 0
   511   00066E                     start_initialization:
   512                           	callstack 0
   513   00066E                     __initialization:
   514                           	callstack 0
   515   00066E                     end_of_initialization:
   516                           	callstack 0
   517   00066E                     __end_of__initialization:
   518                           	callstack 0
   519   00066E  0100               	movlb	0
   520   000670  EF01  F003         	goto	_main	;jump to C main() function
   521                           
   522                           	psect	cstackCOMRAM
   523   000001                     __pcstackCOMRAM:
   524                           	callstack 0
   525   000001                     main@delay:
   526                           	callstack 0
   527   000001                     
   528                           ; 1 bytes @ 0x0
   529   000001                     	ds	4
   530                           
   531 ;;
   532 ;;Main: autosize = 0, tempsize = 0, incstack = 0, save=0
   533 ;;
   534 ;; *************** function _main *****************
   535 ;; Defined at:
   536 ;;		line 7 in file "newmain.c"
   537 ;; Parameters:    Size  Location     Type
   538 ;;		None
   539 ;; Auto vars:     Size  Location     Type
   540 ;;  delay           4    0[COMRAM] unsigned long 
   541 ;; Return value:  Size  Location     Type
   542 ;;                  1    wreg      void 
   543 ;; Registers used:
   544 ;;		wreg, status,2, status,0, cstack
   545 ;; Tracked objects:
   546 ;;		On entry : 0/0
   547 ;;		On exit  : 0/0
   548 ;;		Unchanged: 0/0
   549 ;; Data sizes:     COMRAM   BANK0   BANK1   BANK2   BANK3   BANK4   BANK5
   550 ;;      Params:         0       0       0       0       0       0       0
   551 ;;      Locals:         4       0       0       0       0       0       0
   552 ;;      Temps:          0       0       0       0       0       0       0
   553 ;;      Totals:         4       0       0       0       0       0       0
   554 ;;Total ram usage:        4 bytes
   555 ;; Hardware stack levels required when called: 1
   556 ;; This function calls:
   557 ;;		_intt_config
   558 ;; This function is called by:
   559 ;;		Startup code after reset
   560 ;; This function uses a non-reentrant model
   561 ;;
   562                           
   563                           	psect	text0
   564   000602                     __ptext0:
   565                           	callstack 0
   566   000602                     _main:
   567                           	callstack 30
   568   000602                     
   569                           ;newmain.c: 9:     intt_config();
   570   000602  EC3A  F003         	call	_intt_config	;wreg free
   571   000606                     l698:
   572                           
   573                           ;newmain.c: 10:     unsigned long delay = 0;
   574   000606  0E00               	movlw	0
   575   000608  6E01               	movwf	main@delay^0,c
   576   00060A  0E00               	movlw	0
   577   00060C  6E02               	movwf	(main@delay+1)^0,c
   578   00060E  0E00               	movlw	0
   579   000610  6E03               	movwf	(main@delay+2)^0,c
   580   000612  0E00               	movlw	0
   581   000614  6E04               	movwf	(main@delay+3)^0,c
   582   000616                     l700:
   583                           
   584                           ;newmain.c: 12:     {;newmain.c: 30:         if(delay++ == 50000)
   585   000616  0E01               	movlw	1
   586   000618  2601               	addwf	main@delay^0,f,c
   587   00061A  0E00               	movlw	0
   588   00061C  2202               	addwfc	(main@delay+1)^0,f,c
   589   00061E  2203               	addwfc	(main@delay+2)^0,f,c
   590   000620  2204               	addwfc	(main@delay+3)^0,f,c
   591   000622  0E51               	movlw	81
   592   000624  1801               	xorwf	main@delay^0,w,c
   593   000626  E109               	bnz	u11
   594   000628  0EC3               	movlw	195
   595   00062A  1802               	xorwf	(main@delay+1)^0,w,c
   596   00062C  1003               	iorwf	(main@delay+2)^0,w,c
   597   00062E  1004               	iorwf	(main@delay+3)^0,w,c
   598   000630  A4D8               	btfss	status,2,c
   599   000632  EF1D  F003         	goto	u11
   600   000636  EF1F  F003         	goto	u10
   601   00063A                     u11:
   602   00063A  EF23  F003         	goto	l704
   603   00063E                     u10:
   604   00063E                     
   605                           ;newmain.c: 31:             PORTB = 0x01;
   606   00063E  0E01               	movlw	1
   607   000640  6E81               	movwf	129,c	;volatile
   608   000642  EF0B  F003         	goto	l700
   609   000646                     l704:
   610   000646  0EA0               	movlw	160
   611   000648  1801               	xorwf	main@delay^0,w,c
   612   00064A  E10A               	bnz	u21
   613   00064C  0E86               	movlw	134
   614   00064E  1802               	xorwf	(main@delay+1)^0,w,c
   615   000650  E107               	bnz	u21
   616   000652  0403               	decf	(main@delay+2)^0,w,c
   617   000654  1004               	iorwf	(main@delay+3)^0,w,c
   618   000656  A4D8               	btfss	status,2,c
   619   000658  EF30  F003         	goto	u21
   620   00065C  EF32  F003         	goto	u20
   621   000660                     u21:
   622   000660  EF0B  F003         	goto	l700
   623   000664                     u20:
   624   000664                     
   625                           ;newmain.c: 33:         {;newmain.c: 34:             PORTB = 0x00;
   626   000664  6A81               	clrf	129,c	;volatile
   627   000666  EF03  F003         	goto	l698
   628   00066A  EF00  F000         	goto	start
   629   00066E                     __end_of_main:
   630                           	callstack 0
   631                           
   632 ;; *************** function _intt_config *****************
   633 ;; Defined at:
   634 ;;		line 3 in file "newmain.c"
   635 ;; Parameters:    Size  Location     Type
   636 ;;		None
   637 ;; Auto vars:     Size  Location     Type
   638 ;;		None
   639 ;; Return value:  Size  Location     Type
   640 ;;                  1    wreg      void 
   641 ;; Registers used:
   642 ;;		None
   643 ;; Tracked objects:
   644 ;;		On entry : 0/0
   645 ;;		On exit  : 0/0
   646 ;;		Unchanged: 0/0
   647 ;; Data sizes:     COMRAM   BANK0   BANK1   BANK2   BANK3   BANK4   BANK5
   648 ;;      Params:         0       0       0       0       0       0       0
   649 ;;      Locals:         0       0       0       0       0       0       0
   650 ;;      Temps:          0       0       0       0       0       0       0
   651 ;;      Totals:         0       0       0       0       0       0       0
   652 ;;Total ram usage:        0 bytes
   653 ;; Hardware stack levels used: 1
   654 ;; This function calls:
   655 ;;		Nothing
   656 ;; This function is called by:
   657 ;;		_main
   658 ;; This function uses a non-reentrant model
   659 ;;
   660                           
   661                           	psect	text1
   662   000674                     __ptext1:
   663                           	callstack 0
   664   000674                     _intt_config:
   665                           	callstack 30
   666   000674                     
   667                           ;newmain.c: 5:     TRISB = 0x00;
   668   000674  6A93               	clrf	147,c	;volatile
   669   000676  0012               	return		;funcret
   670   000678                     __end_of_intt_config:
   671                           	callstack 0
   672                           
   673                           	psect	smallconst
   674   000600                     __psmallconst:
   675                           	callstack 0
   676   000600  00                 	db	0
   677   000601  00                 	db	0	; dummy byte at the end
   678   000000                     __activetblptr  equ	0
   679                           
   680                           	psect	rparam
   681   000001                     ___rparam_used  equ	1
   682   000000                     ___param_bank   equ	0
   683   000000                     __Lparam        equ	__Lrparam
   684   000000                     __Hparam        equ	__Hrparam
   685                           
   686                           	psect	idloc
   687                           
   688                           ;Config register IDLOC0 @ 0x200000
   689                           ;	unspecified, using default values
   690   200000                     	org	2097152
   691   200000  FF                 	db	255
   692                           
   693                           ;Config register IDLOC1 @ 0x200001
   694                           ;	unspecified, using default values
   695   200001                     	org	2097153
   696   200001  FF                 	db	255
   697                           
   698                           ;Config register IDLOC2 @ 0x200002
   699                           ;	unspecified, using default values
   700   200002                     	org	2097154
   701   200002  FF                 	db	255
   702                           
   703                           ;Config register IDLOC3 @ 0x200003
   704                           ;	unspecified, using default values
   705   200003                     	org	2097155
   706   200003  FF                 	db	255
   707                           
   708                           ;Config register IDLOC4 @ 0x200004
   709                           ;	unspecified, using default values
   710   200004                     	org	2097156
   711   200004  FF                 	db	255
   712                           
   713                           ;Config register IDLOC5 @ 0x200005
   714                           ;	unspecified, using default values
   715   200005                     	org	2097157
   716   200005  FF                 	db	255
   717                           
   718                           ;Config register IDLOC6 @ 0x200006
   719                           ;	unspecified, using default values
   720   200006                     	org	2097158
   721   200006  FF                 	db	255
   722                           
   723                           ;Config register IDLOC7 @ 0x200007
   724                           ;	unspecified, using default values
   725   200007                     	org	2097159
   726   200007  FF                 	db	255
   727                           
   728                           	psect	config
   729                           
   730                           ; Padding undefined space
   731   300000                     	org	3145728
   732   300000  FF                 	db	255
   733                           
   734                           ;Config register CONFIG1H @ 0x300001
   735                           ;	unspecified, using default values
   736                           ;	Oscillator Selection bits
   737                           ;	OSC = 0x7, unprogrammed default
   738                           ;	Fail-Safe Clock Monitor Enable bit
   739                           ;	FCMEN = 0x0, unprogrammed default
   740                           ;	Internal/External Oscillator Switchover bit
   741                           ;	IESO = 0x0, unprogrammed default
   742   300001                     	org	3145729
   743   300001  07                 	db	7
   744                           
   745                           ;Config register CONFIG2L @ 0x300002
   746                           ;	unspecified, using default values
   747                           ;	Power-up Timer Enable bit
   748                           ;	PWRT = 0x1, unprogrammed default
   749                           ;	Brown-out Reset Enable bits
   750                           ;	BOREN = 0x3, unprogrammed default
   751                           ;	Brown-out Reset Voltage bits
   752                           ;	BORV = 0x3, unprogrammed default
   753   300002                     	org	3145730
   754   300002  1F                 	db	31
   755                           
   756                           ;Config register CONFIG2H @ 0x300003
   757                           ;	unspecified, using default values
   758                           ;	Watchdog Timer Enable bit
   759                           ;	WDT = 0x1, unprogrammed default
   760                           ;	Watchdog Timer Postscale Select bits
   761                           ;	WDTPS = 0xF, unprogrammed default
   762   300003                     	org	3145731
   763   300003  1F                 	db	31
   764                           
   765                           ; Padding undefined space
   766   300004                     	org	3145732
   767   300004  FF                 	db	255
   768                           
   769                           ;Config register CONFIG3H @ 0x300005
   770                           ;	unspecified, using default values
   771                           ;	PORTB A/D Enable bit
   772                           ;	PBADEN = 0x1, unprogrammed default
   773                           ;	Low-Power Timer 1 Oscillator Enable bit
   774                           ;	LPT1OSC = 0x0, unprogrammed default
   775                           ;	MCLR Pin Enable bit
   776                           ;	MCLRE = 0x1, unprogrammed default
   777   300005                     	org	3145733
   778   300005  82                 	db	130
   779                           
   780                           ;Config register CONFIG4L @ 0x300006
   781                           ;	unspecified, using default values
   782                           ;	Stack Full/Underflow Reset Enable bit
   783                           ;	STVREN = 0x1, unprogrammed default
   784                           ;	Single-Supply ICSP Enable bit
   785                           ;	LVP = 0x1, unprogrammed default
   786                           ;	Boot Block Size Select bit
   787                           ;	BBSIZ = 0x0, unprogrammed default
   788                           ;	Extended Instruction Set Enable bit
   789                           ;	XINST = 0x0, unprogrammed default
   790                           ;	Background Debugger Enable bit
   791                           ;	DEBUG = 0x1, unprogrammed default
   792   300006                     	org	3145734
   793   300006  85                 	db	133
   794                           
   795                           ; Padding undefined space
   796   300007                     	org	3145735
   797   300007  FF                 	db	255
   798                           
   799                           ;Config register CONFIG5L @ 0x300008
   800                           ;	unspecified, using default values
   801                           ;	Code Protection bit
   802                           ;	CP0 = 0x1, unprogrammed default
   803                           ;	Code Protection bit
   804                           ;	CP1 = 0x1, unprogrammed default
   805                           ;	Code Protection bit
   806                           ;	CP2 = 0x1, unprogrammed default
   807                           ;	Code Protection bit
   808                           ;	CP3 = 0x1, unprogrammed default
   809   300008                     	org	3145736
   810   300008  0F                 	db	15
   811                           
   812                           ;Config register CONFIG5H @ 0x300009
   813                           ;	unspecified, using default values
   814                           ;	Boot Block Code Protection bit
   815                           ;	CPB = 0x1, unprogrammed default
   816                           ;	Data EEPROM Code Protection bit
   817                           ;	CPD = 0x1, unprogrammed default
   818   300009                     	org	3145737
   819   300009  C0                 	db	192
   820                           
   821                           ;Config register CONFIG6L @ 0x30000A
   822                           ;	unspecified, using default values
   823                           ;	Write Protection bit
   824                           ;	WRT0 = 0x1, unprogrammed default
   825                           ;	Write Protection bit
   826                           ;	WRT1 = 0x1, unprogrammed default
   827                           ;	Write Protection bit
   828                           ;	WRT2 = 0x1, unprogrammed default
   829                           ;	Write Protection bit
   830                           ;	WRT3 = 0x1, unprogrammed default
   831   30000A                     	org	3145738
   832   30000A  0F                 	db	15
   833                           
   834                           ;Config register CONFIG6H @ 0x30000B
   835                           ;	unspecified, using default values
   836                           ;	Configuration Register Write Protection bit
   837                           ;	WRTC = 0x1, unprogrammed default
   838                           ;	Boot Block Write Protection bit
   839                           ;	WRTB = 0x1, unprogrammed default
   840                           ;	Data EEPROM Write Protection bit
   841                           ;	WRTD = 0x1, unprogrammed default
   842   30000B                     	org	3145739
   843   30000B  E0                 	db	224
   844                           
   845                           ;Config register CONFIG7L @ 0x30000C
   846                           ;	unspecified, using default values
   847                           ;	Table Read Protection bit
   848                           ;	EBTR0 = 0x1, unprogrammed default
   849                           ;	Table Read Protection bit
   850                           ;	EBTR1 = 0x1, unprogrammed default
   851                           ;	Table Read Protection bit
   852                           ;	EBTR2 = 0x1, unprogrammed default
   853                           ;	Table Read Protection bit
   854                           ;	EBTR3 = 0x1, unprogrammed default
   855   30000C                     	org	3145740
   856   30000C  0F                 	db	15
   857                           
   858                           ;Config register CONFIG7H @ 0x30000D
   859                           ;	unspecified, using default values
   860                           ;	Boot Block Table Read Protection bit
   861                           ;	EBTRB = 0x1, unprogrammed default
   862   30000D                     	org	3145741
   863   30000D  40                 	db	64
   864                           tosu	equ	0xFFF
   865                           tosh	equ	0xFFE
   866                           tosl	equ	0xFFD
   867                           stkptr	equ	0xFFC
   868                           pclatu	equ	0xFFB
   869                           pclath	equ	0xFFA
   870                           pcl	equ	0xFF9
   871                           tblptru	equ	0xFF8
   872                           tblptrh	equ	0xFF7
   873                           tblptrl	equ	0xFF6
   874                           tablat	equ	0xFF5
   875                           prodh	equ	0xFF4
   876                           prodl	equ	0xFF3
   877                           indf0	equ	0xFEF
   878                           postinc0	equ	0xFEE
   879                           postdec0	equ	0xFED
   880                           preinc0	equ	0xFEC
   881                           plusw0	equ	0xFEB
   882                           fsr0h	equ	0xFEA
   883                           fsr0l	equ	0xFE9
   884                           wreg	equ	0xFE8
   885                           indf1	equ	0xFE7
   886                           postinc1	equ	0xFE6
   887                           postdec1	equ	0xFE5
   888                           preinc1	equ	0xFE4
   889                           plusw1	equ	0xFE3
   890                           fsr1h	equ	0xFE2
   891                           fsr1l	equ	0xFE1
   892                           bsr	equ	0xFE0
   893                           indf2	equ	0xFDF
   894                           postinc2	equ	0xFDE
   895                           postdec2	equ	0xFDD
   896                           preinc2	equ	0xFDC
   897                           plusw2	equ	0xFDB
   898                           fsr2h	equ	0xFDA
   899                           fsr2l	equ	0xFD9
   900                           status	equ	0xFD8

Data Sizes:
    Strings     0
    Constant    0
    Data        0
    BSS         0
    Persistent  0
    Stack       0

Auto Spaces:
    Space          Size  Autos    Used
    COMRAM           95      4       4
    BANK0           160      0       0
    BANK1           256      0       0
    BANK2           256      0       0
    BANK3           256      0       0
    BANK4           256      0       0
    BANK5           256      0       0

Pointer List with Targets:

    None.

Critical Paths under _main in COMRAM

    None.

Critical Paths under _main in BANK0

    None.

Critical Paths under _main in BANK1

    None.

Critical Paths under _main in BANK2

    None.

Critical Paths under _main in BANK3

    None.

Critical Paths under _main in BANK4

    None.

Critical Paths under _main in BANK5

    None.

Call Graph Tables:

 ---------------------------------------------------------------------------------
 (Depth) Function   	        Calls       Base Space   Used Autos Params    Refs
 ---------------------------------------------------------------------------------
 (0) _main                                                 4     4      0      30
                                              0 COMRAM     4     4      0
                        _intt_config
 ---------------------------------------------------------------------------------
 (1) _intt_config                                          0     0      0       0
 ---------------------------------------------------------------------------------
 Estimated maximum stack depth 1
 ---------------------------------------------------------------------------------

 Call Graph Graphs:

 _main (ROOT)
   _intt_config

Address spaces:
Name               Size   Autos  Total    Usage
BITCOMRAM           95      0       0      0.0%
BITBANK0           160      0       0      0.0%
BITBANK1           256      0       0      0.0%
BITBANK2           256      0       0      0.0%
BITBANK3           256      0       0      0.0%
BITBANK4           256      0       0      0.0%
BITBANK5           256      0       0      0.0%
BITBIGSFRl         641      0       0      0.0%
BITBIGSFRh         126      0       0      0.0%
COMRAM              95      4       4      4.2%
BANK0              160      0       0      0.0%
BANK1              256      0       0      0.0%
BANK2              256      0       0      0.0%
BANK3              256      0       0      0.0%
BANK4              256      0       0      0.0%
BANK5              256      0       0      0.0%
BIGRAM            1535      0       0      0.0%
STACK                0      0       0      0.0%
DATA                 0      0       4      0.0%


Microchip Technology PIC18 Macro Assembler V2.50 build 20240725155939 
Symbol Table                                                                                   Sat Dec 21 20:47:19 2024

                      l7 0676                       u10 063E                       u11 063A  
                     u20 0664                       u21 0660                      l700 0616  
                    l702 063E                      l704 0646                      l706 0664  
                    l694 0674                      l696 0602                      l698 0606  
                   _main 0602                     start 0000             ___param_bank 0000  
                  ?_main 0001                    _PORTB 0F81                    _TRISB 0F93  
                  status 0FD8          __initialization 066E             ?_intt_config 0001  
           __end_of_main 066E                   ??_main 0001            __activetblptr 0000  
                 isa$std 0001             __mediumconst 0000               __accesstop 0060  
__end_of__initialization 066E            ___rparam_used 0001           __pcstackCOMRAM 0001  
                __Hparam 0000                  __Lparam 0000             __psmallconst 0600  
                __pcinit 066E                  __ramtop 0600                  __ptext0 0602  
                __ptext1 0674     end_of_initialization 066E      start_initialization 066E  
          ??_intt_config 0001              __smallconst 0600      __end_of_intt_config 0678  
              main@delay 0001                 __Hrparam 0000                 __Lrparam 0000  
               isa$xinst 0000              _intt_config 0674  
