

Microchip MPLAB XC8 Assembler V2.50 build 20240725155939 
                                                                                               Sat Dec 21 21:26:53 2024

Microchip MPLAB XC8 C Compiler v2.50 (Free license) build 20240725155939 Og1 
     1                           	processor	18F4580
     2                           	fnconf	rparam,??,?,0
     3                           	pagewidth 120
     4                           	opt	flic
     5                           	psect	cinit,global,reloc=2,class=CODE,space=0,delta=1
     6                           	psect	cstackCOMRAM,global,class=COMRAM,space=1,delta=1,lowdata,noexec
     7                           	psect	text0,global,reloc=2,class=CODE,space=0,delta=1
     8                           	psect	text1,global,reloc=2,class=CODE,space=0,delta=1
     9                           	psect	smallconst,global,reloc=2,class=SMALLCONST,space=0,delta=1,noexec
    10                           	psect	intsave_regs,global,class=BIGRAM,space=1,delta=1,noexec
    11                           	psect	rparam,global,class=COMRAM,space=1,delta=1,noexec
    12                           	psect	idloc,global,abs,ovrld,class=IDLOC,space=5,delta=1,noexec
    13                           	psect	config,global,abs,ovrld,class=CONFIG,space=4,delta=1,noexec
    14   000000                     
    15                           ; Version 2.20
    16                           ; Generated 12/02/2020 GMT
    17                           ; 
    18                           ; Copyright © 2020, Microchip Technology Inc. and its subsidiaries ("Microchip")
    19                           ; All rights reserved.
    20                           ; 
    21                           ; This software is developed by Microchip Technology Inc. and its subsidiaries ("Microch
      +                          ip").
    22                           ; 
    23                           ; Redistribution and use in source and binary forms, with or without modification, are
    24                           ; permitted provided that the following conditions are met:
    25                           ; 
    26                           ;     1. Redistributions of source code must retain the above copyright notice, this lis
      +                          t of
    27                           ;        conditions and the following disclaimer.
    28                           ; 
    29                           ;     2. Redistributions in binary form must reproduce the above copyright notice, this 
      +                          list
    30                           ;        of conditions and the following disclaimer in the documentation and/or other
    31                           ;        materials provided with the distribution.
    32                           ; 
    33                           ;     3. Microchip's name may not be used to endorse or promote products derived from th
      +                          is
    34                           ;        software without specific prior written permission.
    35                           ; 
    36                           ; THIS SOFTWARE IS PROVIDED BY MICROCHIP "AS IS" AND ANY EXPRESS OR IMPLIED WARRANTIES,
    37                           ; INCLUDING, BUT NOT LIMITED TO, THE IMPLIED WARRANTIES OF MERCHANTABILITY AND FITNESS F
      +                          OR
    38                           ; PURPOSE ARE DISCLAIMED.  IN NO EVENT SHALL MICROCHIP BE LIABLE FOR ANY DIRECT, INDIREC
      +                          T,
    39                           ; INCIDENTAL, SPECIAL, EXEMPLARY, OR CONSEQUENTIAL DAMAGES (INCLUDING BUT NOT LIMITED TO
    40                           ; PROCUREMENT OF SUBSTITUTE GOODS OR SERVICES; LOSS OF USE, DATA OR PROFITS; OR BUSINESS
    41                           ; INTERRUPTION) HOWSOEVER CAUSED AND ON ANY THEORY OF LIABILITY, WHETHER IN CONTRACT, ST
      +                          RICT
    42                           ; LIABILITY, OR TORT (INCLUDING NEGLIGENCE OR OTHERWISE) ARISING IN ANY WAY OUT OF THE U
      +                          SE OF
    43                           ; THIS SOFTWARE, EVEN IF ADVISED OF THE POSSIBILITY OF SUCH DAMAGE.
    44                           ; 
    45                           ; 
    46                           ; Code-generator required, PIC18F4580 Definitions
    47                           ; 
    48                           ; SFR Addresses
    49   000FE0                     bsr             equ	4064
    50   000FE9                     fsr0            equ	4073
    51   000FEA                     fsr0h           equ	4074
    52   000FE9                     fsr0l           equ	4073
    53   000FE1                     fsr1            equ	4065
    54   000FE2                     fsr1h           equ	4066
    55   000FE1                     fsr1l           equ	4065
    56   000FD9                     fsr2            equ	4057
    57   000FDA                     fsr2h           equ	4058
    58   000FD9                     fsr2l           equ	4057
    59   000FEF                     indf0           equ	4079
    60   000FE7                     indf1           equ	4071
    61   000FDF                     indf2           equ	4063
    62   000FF2                     intcon          equ	4082
    63   000000                     nvmcon          equ	0
    64   000FF9                     pcl             equ	4089
    65   000FFA                     pclath          equ	4090
    66   000FFB                     pclatu          equ	4091
    67   000FEB                     plusw0          equ	4075
    68   000FE3                     plusw1          equ	4067
    69   000FDB                     plusw2          equ	4059
    70   000FED                     postdec0        equ	4077
    71   000FE5                     postdec1        equ	4069
    72   000FDD                     postdec2        equ	4061
    73   000FEE                     postinc0        equ	4078
    74   000FE6                     postinc1        equ	4070
    75   000FDE                     postinc2        equ	4062
    76   000FEC                     preinc0         equ	4076
    77   000FE4                     preinc1         equ	4068
    78   000FDC                     preinc2         equ	4060
    79   000FF3                     prod            equ	4083
    80   000FF4                     prodh           equ	4084
    81   000FF3                     prodl           equ	4083
    82   000FD8                     status          equ	4056
    83   000FF5                     tablat          equ	4085
    84   000FF6                     tblptr          equ	4086
    85   000FF7                     tblptrh         equ	4087
    86   000FF6                     tblptrl         equ	4086
    87   000FF8                     tblptru         equ	4088
    88   000FFD                     tosl            equ	4093
    89   000FE8                     wreg            equ	4072
    90   000D60                     RXF6SIDH        equ	3424	;# 
    91   000D61                     RXF6SIDL        equ	3425	;# 
    92   000D62                     RXF6EIDH        equ	3426	;# 
    93   000D63                     RXF6EIDL        equ	3427	;# 
    94   000D64                     RXF7SIDH        equ	3428	;# 
    95   000D65                     RXF7SIDL        equ	3429	;# 
    96   000D66                     RXF7EIDH        equ	3430	;# 
    97   000D67                     RXF7EIDL        equ	3431	;# 
    98   000D68                     RXF8SIDH        equ	3432	;# 
    99   000D69                     RXF8SIDL        equ	3433	;# 
   100   000D6A                     RXF8EIDH        equ	3434	;# 
   101   000D6B                     RXF8EIDL        equ	3435	;# 
   102   000D70                     RXF9SIDH        equ	3440	;# 
   103   000D71                     RXF9SIDL        equ	3441	;# 
   104   000D72                     RXF9EIDH        equ	3442	;# 
   105   000D73                     RXF9EIDL        equ	3443	;# 
   106   000D74                     RXF10SIDH       equ	3444	;# 
   107   000D75                     RXF10SIDL       equ	3445	;# 
   108   000D76                     RXF10EIDH       equ	3446	;# 
   109   000D77                     RXF10EIDL       equ	3447	;# 
   110   000D78                     RXF11SIDH       equ	3448	;# 
   111   000D79                     RXF11SIDL       equ	3449	;# 
   112   000D7A                     RXF11EIDH       equ	3450	;# 
   113   000D7B                     RXF11EIDL       equ	3451	;# 
   114   000D80                     RXF12SIDH       equ	3456	;# 
   115   000D81                     RXF12SIDL       equ	3457	;# 
   116   000D82                     RXF12EIDH       equ	3458	;# 
   117   000D83                     RXF12EIDL       equ	3459	;# 
   118   000D84                     RXF13SIDH       equ	3460	;# 
   119   000D85                     RXF13SIDL       equ	3461	;# 
   120   000D86                     RXF13EIDH       equ	3462	;# 
   121   000D87                     RXF13EIDL       equ	3463	;# 
   122   000D88                     RXF14SIDH       equ	3464	;# 
   123   000D89                     RXF14SIDL       equ	3465	;# 
   124   000D8A                     RXF14EIDH       equ	3466	;# 
   125   000D8B                     RXF14EIDL       equ	3467	;# 
   126   000D90                     RXF15SIDH       equ	3472	;# 
   127   000D91                     RXF15SIDL       equ	3473	;# 
   128   000D92                     RXF15EIDH       equ	3474	;# 
   129   000D93                     RXF15EIDL       equ	3475	;# 
   130   000DD4                     RXFCON0         equ	3540	;# 
   131   000DD5                     RXFCON1         equ	3541	;# 
   132   000DD8                     SDFLC           equ	3544	;# 
   133   000DE0                     RXFBCON0        equ	3552	;# 
   134   000DE1                     RXFBCON1        equ	3553	;# 
   135   000DE2                     RXFBCON2        equ	3554	;# 
   136   000DE3                     RXFBCON3        equ	3555	;# 
   137   000DE4                     RXFBCON4        equ	3556	;# 
   138   000DE5                     RXFBCON5        equ	3557	;# 
   139   000DE6                     RXFBCON6        equ	3558	;# 
   140   000DE7                     RXFBCON7        equ	3559	;# 
   141   000DF0                     MSEL0           equ	3568	;# 
   142   000DF1                     MSEL1           equ	3569	;# 
   143   000DF2                     MSEL2           equ	3570	;# 
   144   000DF3                     MSEL3           equ	3571	;# 
   145   000DF8                     BSEL0           equ	3576	;# 
   146   000DFA                     BIE0            equ	3578	;# 
   147   000DFC                     TXBIE           equ	3580	;# 
   148   000E20                     B0CON           equ	3616	;# 
   149   000E21                     B0SIDH          equ	3617	;# 
   150   000E22                     B0SIDL          equ	3618	;# 
   151   000E23                     B0EIDH          equ	3619	;# 
   152   000E24                     B0EIDL          equ	3620	;# 
   153   000E25                     B0DLC           equ	3621	;# 
   154   000E26                     B0D0            equ	3622	;# 
   155   000E27                     B0D1            equ	3623	;# 
   156   000E28                     B0D2            equ	3624	;# 
   157   000E29                     B0D3            equ	3625	;# 
   158   000E2A                     B0D4            equ	3626	;# 
   159   000E2B                     B0D5            equ	3627	;# 
   160   000E2C                     B0D6            equ	3628	;# 
   161   000E2D                     B0D7            equ	3629	;# 
   162   000E2E                     CANSTAT_RO9     equ	3630	;# 
   163   000E2F                     CANCON_RO9      equ	3631	;# 
   164   000E30                     B1CON           equ	3632	;# 
   165   000E31                     B1SIDH          equ	3633	;# 
   166   000E32                     B1SIDL          equ	3634	;# 
   167   000E33                     B1EIDH          equ	3635	;# 
   168   000E34                     B1EIDL          equ	3636	;# 
   169   000E35                     B1DLC           equ	3637	;# 
   170   000E36                     B1D0            equ	3638	;# 
   171   000E37                     B1D1            equ	3639	;# 
   172   000E38                     B1D2            equ	3640	;# 
   173   000E39                     B1D3            equ	3641	;# 
   174   000E3A                     B1D4            equ	3642	;# 
   175   000E3B                     B1D5            equ	3643	;# 
   176   000E3C                     B1D6            equ	3644	;# 
   177   000E3D                     B1D7            equ	3645	;# 
   178   000E3E                     CANSTAT_RO8     equ	3646	;# 
   179   000E3F                     CANCON_RO8      equ	3647	;# 
   180   000E40                     B2CON           equ	3648	;# 
   181   000E41                     B2SIDH          equ	3649	;# 
   182   000E42                     B2SIDL          equ	3650	;# 
   183   000E43                     B2EIDH          equ	3651	;# 
   184   000E44                     B2EIDL          equ	3652	;# 
   185   000E45                     B2DLC           equ	3653	;# 
   186   000E46                     B2D0            equ	3654	;# 
   187   000E47                     B2D1            equ	3655	;# 
   188   000E48                     B2D2            equ	3656	;# 
   189   000E49                     B2D3            equ	3657	;# 
   190   000E4A                     B2D4            equ	3658	;# 
   191   000E4B                     B2D5            equ	3659	;# 
   192   000E4C                     B2D6            equ	3660	;# 
   193   000E4D                     B2D7            equ	3661	;# 
   194   000E4E                     CANSTAT_RO7     equ	3662	;# 
   195   000E4F                     CANCON_RO7      equ	3663	;# 
   196   000E50                     B3CON           equ	3664	;# 
   197   000E51                     B3SIDH          equ	3665	;# 
   198   000E52                     B3SIDL          equ	3666	;# 
   199   000E53                     B3EIDH          equ	3667	;# 
   200   000E54                     B3EIDL          equ	3668	;# 
   201   000E55                     B3DLC           equ	3669	;# 
   202   000E56                     B3D0            equ	3670	;# 
   203   000E57                     B3D1            equ	3671	;# 
   204   000E58                     B3D2            equ	3672	;# 
   205   000E59                     B3D3            equ	3673	;# 
   206   000E5A                     B3D4            equ	3674	;# 
   207   000E5B                     B3D5            equ	3675	;# 
   208   000E5C                     B3D6            equ	3676	;# 
   209   000E5D                     B3D7            equ	3677	;# 
   210   000E5E                     CANSTAT_RO6     equ	3678	;# 
   211   000E5F                     CANCON_RO6      equ	3679	;# 
   212   000E60                     B4CON           equ	3680	;# 
   213   000E61                     B4SIDH          equ	3681	;# 
   214   000E62                     B4SIDL          equ	3682	;# 
   215   000E63                     B4EIDH          equ	3683	;# 
   216   000E64                     B4EIDL          equ	3684	;# 
   217   000E65                     B4DLC           equ	3685	;# 
   218   000E66                     B4D0            equ	3686	;# 
   219   000E67                     B4D1            equ	3687	;# 
   220   000E68                     B4D2            equ	3688	;# 
   221   000E69                     B4D3            equ	3689	;# 
   222   000E6A                     B4D4            equ	3690	;# 
   223   000E6B                     B4D5            equ	3691	;# 
   224   000E6C                     B4D6            equ	3692	;# 
   225   000E6D                     B4D7            equ	3693	;# 
   226   000E6E                     CANSTAT_RO5     equ	3694	;# 
   227   000E6F                     CANCON_RO5      equ	3695	;# 
   228   000E70                     B5CON           equ	3696	;# 
   229   000E71                     B5SIDH          equ	3697	;# 
   230   000E72                     B5SIDL          equ	3698	;# 
   231   000E73                     B5EIDH          equ	3699	;# 
   232   000E74                     B5EIDL          equ	3700	;# 
   233   000E75                     B5DLC           equ	3701	;# 
   234   000E76                     B5D0            equ	3702	;# 
   235   000E77                     B5D1            equ	3703	;# 
   236   000E78                     B5D2            equ	3704	;# 
   237   000E79                     B5D3            equ	3705	;# 
   238   000E7A                     B5D4            equ	3706	;# 
   239   000E7B                     B5D5            equ	3707	;# 
   240   000E7C                     B5D6            equ	3708	;# 
   241   000E7D                     B5D7            equ	3709	;# 
   242   000E7E                     CANSTAT_RO4     equ	3710	;# 
   243   000E7F                     CANCON_RO4      equ	3711	;# 
   244   000F00                     RXF0SIDH        equ	3840	;# 
   245   000F01                     RXF0SIDL        equ	3841	;# 
   246   000F02                     RXF0EIDH        equ	3842	;# 
   247   000F03                     RXF0EIDL        equ	3843	;# 
   248   000F04                     RXF1SIDH        equ	3844	;# 
   249   000F05                     RXF1SIDL        equ	3845	;# 
   250   000F06                     RXF1EIDH        equ	3846	;# 
   251   000F07                     RXF1EIDL        equ	3847	;# 
   252   000F08                     RXF2SIDH        equ	3848	;# 
   253   000F09                     RXF2SIDL        equ	3849	;# 
   254   000F0A                     RXF2EIDH        equ	3850	;# 
   255   000F0B                     RXF2EIDL        equ	3851	;# 
   256   000F0C                     RXF3SIDH        equ	3852	;# 
   257   000F0D                     RXF3SIDL        equ	3853	;# 
   258   000F0E                     RXF3EIDH        equ	3854	;# 
   259   000F0F                     RXF3EIDL        equ	3855	;# 
   260   000F10                     RXF4SIDH        equ	3856	;# 
   261   000F11                     RXF4SIDL        equ	3857	;# 
   262   000F12                     RXF4EIDH        equ	3858	;# 
   263   000F13                     RXF4EIDL        equ	3859	;# 
   264   000F14                     RXF5SIDH        equ	3860	;# 
   265   000F15                     RXF5SIDL        equ	3861	;# 
   266   000F16                     RXF5EIDH        equ	3862	;# 
   267   000F17                     RXF5EIDL        equ	3863	;# 
   268   000F18                     RXM0SIDH        equ	3864	;# 
   269   000F19                     RXM0SIDL        equ	3865	;# 
   270   000F1A                     RXM0EIDH        equ	3866	;# 
   271   000F1B                     RXM0EIDL        equ	3867	;# 
   272   000F1C                     RXM1SIDH        equ	3868	;# 
   273   000F1D                     RXM1SIDL        equ	3869	;# 
   274   000F1E                     RXM1EIDH        equ	3870	;# 
   275   000F1F                     RXM1EIDL        equ	3871	;# 
   276   000F20                     TXB2CON         equ	3872	;# 
   277   000F21                     TXB2SIDH        equ	3873	;# 
   278   000F22                     TXB2SIDL        equ	3874	;# 
   279   000F23                     TXB2EIDH        equ	3875	;# 
   280   000F24                     TXB2EIDL        equ	3876	;# 
   281   000F25                     TXB2DLC         equ	3877	;# 
   282   000F26                     TXB2D0          equ	3878	;# 
   283   000F27                     TXB2D1          equ	3879	;# 
   284   000F28                     TXB2D2          equ	3880	;# 
   285   000F29                     TXB2D3          equ	3881	;# 
   286   000F2A                     TXB2D4          equ	3882	;# 
   287   000F2B                     TXB2D5          equ	3883	;# 
   288   000F2C                     TXB2D6          equ	3884	;# 
   289   000F2D                     TXB2D7          equ	3885	;# 
   290   000F2E                     CANSTAT_RO3     equ	3886	;# 
   291   000F2F                     CANCON_RO3      equ	3887	;# 
   292   000F30                     TXB1CON         equ	3888	;# 
   293   000F31                     TXB1SIDH        equ	3889	;# 
   294   000F32                     TXB1SIDL        equ	3890	;# 
   295   000F33                     TXB1EIDH        equ	3891	;# 
   296   000F34                     TXB1EIDL        equ	3892	;# 
   297   000F35                     TXB1DLC         equ	3893	;# 
   298   000F36                     TXB1D0          equ	3894	;# 
   299   000F37                     TXB1D1          equ	3895	;# 
   300   000F38                     TXB1D2          equ	3896	;# 
   301   000F39                     TXB1D3          equ	3897	;# 
   302   000F3A                     TXB1D4          equ	3898	;# 
   303   000F3B                     TXB1D5          equ	3899	;# 
   304   000F3C                     TXB1D6          equ	3900	;# 
   305   000F3D                     TXB1D7          equ	3901	;# 
   306   000F3E                     CANSTAT_RO2     equ	3902	;# 
   307   000F3F                     CANCON_RO2      equ	3903	;# 
   308   000F40                     TXB0CON         equ	3904	;# 
   309   000F41                     TXB0SIDH        equ	3905	;# 
   310   000F42                     TXB0SIDL        equ	3906	;# 
   311   000F43                     TXB0EIDH        equ	3907	;# 
   312   000F44                     TXB0EIDL        equ	3908	;# 
   313   000F45                     TXB0DLC         equ	3909	;# 
   314   000F46                     TXB0D0          equ	3910	;# 
   315   000F47                     TXB0D1          equ	3911	;# 
   316   000F48                     TXB0D2          equ	3912	;# 
   317   000F49                     TXB0D3          equ	3913	;# 
   318   000F4A                     TXB0D4          equ	3914	;# 
   319   000F4B                     TXB0D5          equ	3915	;# 
   320   000F4C                     TXB0D6          equ	3916	;# 
   321   000F4D                     TXB0D7          equ	3917	;# 
   322   000F4E                     CANSTAT_RO1     equ	3918	;# 
   323   000F4F                     CANCON_RO1      equ	3919	;# 
   324   000F50                     RXB1CON         equ	3920	;# 
   325   000F51                     RXB1SIDH        equ	3921	;# 
   326   000F52                     RXB1SIDL        equ	3922	;# 
   327   000F53                     RXB1EIDH        equ	3923	;# 
   328   000F54                     RXB1EIDL        equ	3924	;# 
   329   000F55                     RXB1DLC         equ	3925	;# 
   330   000F56                     RXB1D0          equ	3926	;# 
   331   000F57                     RXB1D1          equ	3927	;# 
   332   000F58                     RXB1D2          equ	3928	;# 
   333   000F59                     RXB1D3          equ	3929	;# 
   334   000F5A                     RXB1D4          equ	3930	;# 
   335   000F5B                     RXB1D5          equ	3931	;# 
   336   000F5C                     RXB1D6          equ	3932	;# 
   337   000F5D                     RXB1D7          equ	3933	;# 
   338   000F5E                     CANSTAT_RO0     equ	3934	;# 
   339   000F5F                     CANCON_RO0      equ	3935	;# 
   340   000F60                     RXB0CON         equ	3936	;# 
   341   000F61                     RXB0SIDH        equ	3937	;# 
   342   000F62                     RXB0SIDL        equ	3938	;# 
   343   000F63                     RXB0EIDH        equ	3939	;# 
   344   000F64                     RXB0EIDL        equ	3940	;# 
   345   000F65                     RXB0DLC         equ	3941	;# 
   346   000F66                     RXB0D0          equ	3942	;# 
   347   000F67                     RXB0D1          equ	3943	;# 
   348   000F68                     RXB0D2          equ	3944	;# 
   349   000F69                     RXB0D3          equ	3945	;# 
   350   000F6A                     RXB0D4          equ	3946	;# 
   351   000F6B                     RXB0D5          equ	3947	;# 
   352   000F6C                     RXB0D6          equ	3948	;# 
   353   000F6D                     RXB0D7          equ	3949	;# 
   354   000F6E                     CANSTAT         equ	3950	;# 
   355   000F6F                     CANCON          equ	3951	;# 
   356   000F70                     BRGCON1         equ	3952	;# 
   357   000F71                     BRGCON2         equ	3953	;# 
   358   000F72                     BRGCON3         equ	3954	;# 
   359   000F73                     CIOCON          equ	3955	;# 
   360   000F74                     COMSTAT         equ	3956	;# 
   361   000F75                     RXERRCNT        equ	3957	;# 
   362   000F76                     TXERRCNT        equ	3958	;# 
   363   000F77                     ECANCON         equ	3959	;# 
   364   000F80                     PORTA           equ	3968	;# 
   365   000F81                     PORTB           equ	3969	;# 
   366   000F82                     PORTC           equ	3970	;# 
   367   000F83                     PORTD           equ	3971	;# 
   368   000F84                     PORTE           equ	3972	;# 
   369   000F89                     LATA            equ	3977	;# 
   370   000F8A                     LATB            equ	3978	;# 
   371   000F8B                     LATC            equ	3979	;# 
   372   000F8C                     LATD            equ	3980	;# 
   373   000F8D                     LATE            equ	3981	;# 
   374   000F92                     TRISA           equ	3986	;# 
   375   000F92                     DDRA            equ	3986	;# 
   376   000F93                     TRISB           equ	3987	;# 
   377   000F93                     DDRB            equ	3987	;# 
   378   000F94                     TRISC           equ	3988	;# 
   379   000F94                     DDRC            equ	3988	;# 
   380   000F95                     TRISD           equ	3989	;# 
   381   000F95                     DDRD            equ	3989	;# 
   382   000F96                     TRISE           equ	3990	;# 
   383   000F96                     DDRE            equ	3990	;# 
   384   000F9B                     OSCTUNE         equ	3995	;# 
   385   000F9D                     PIE1            equ	3997	;# 
   386   000F9E                     PIR1            equ	3998	;# 
   387   000F9F                     IPR1            equ	3999	;# 
   388   000FA0                     PIE2            equ	4000	;# 
   389   000FA1                     PIR2            equ	4001	;# 
   390   000FA2                     IPR2            equ	4002	;# 
   391   000FA3                     PIE3            equ	4003	;# 
   392   000FA4                     PIR3            equ	4004	;# 
   393   000FA5                     IPR3            equ	4005	;# 
   394   000FA6                     EECON1          equ	4006	;# 
   395   000FA7                     EECON2          equ	4007	;# 
   396   000FA8                     EEDATA          equ	4008	;# 
   397   000FA9                     EEADR           equ	4009	;# 
   398   000FAB                     RCSTA           equ	4011	;# 
   399   000FAB                     RCSTA1          equ	4011	;# 
   400   000FAC                     TXSTA           equ	4012	;# 
   401   000FAC                     TXSTA1          equ	4012	;# 
   402   000FAD                     TXREG           equ	4013	;# 
   403   000FAD                     TXREG1          equ	4013	;# 
   404   000FAE                     RCREG           equ	4014	;# 
   405   000FAE                     RCREG1          equ	4014	;# 
   406   000FAF                     SPBRG           equ	4015	;# 
   407   000FAF                     SPBRG1          equ	4015	;# 
   408   000FB0                     SPBRGH          equ	4016	;# 
   409   000FB1                     T3CON           equ	4017	;# 
   410   000FB2                     TMR3            equ	4018	;# 
   411   000FB2                     TMR3L           equ	4018	;# 
   412   000FB3                     TMR3H           equ	4019	;# 
   413   000FB4                     CMCON           equ	4020	;# 
   414   000FB5                     CVRCON          equ	4021	;# 
   415   000FB6                     ECCP1AS         equ	4022	;# 
   416   000FB7                     ECCP1DEL        equ	4023	;# 
   417   000FB8                     BAUDCON         equ	4024	;# 
   418   000FB8                     BAUDCTL         equ	4024	;# 
   419   000FBA                     ECCP1CON        equ	4026	;# 
   420   000FBB                     ECCPR1          equ	4027	;# 
   421   000FBB                     ECCPR1L         equ	4027	;# 
   422   000FBC                     ECCPR1H         equ	4028	;# 
   423   000FBD                     CCP1CON         equ	4029	;# 
   424   000FBE                     CCPR1           equ	4030	;# 
   425   000FBE                     CCPR1L          equ	4030	;# 
   426   000FBF                     CCPR1H          equ	4031	;# 
   427   000FC0                     ADCON2          equ	4032	;# 
   428   000FC1                     ADCON1          equ	4033	;# 
   429   000FC2                     ADCON0          equ	4034	;# 
   430   000FC3                     ADRES           equ	4035	;# 
   431   000FC3                     ADRESL          equ	4035	;# 
   432   000FC4                     ADRESH          equ	4036	;# 
   433   000FC5                     SSPCON2         equ	4037	;# 
   434   000FC6                     SSPCON1         equ	4038	;# 
   435   000FC7                     SSPSTAT         equ	4039	;# 
   436   000FC8                     SSPADD          equ	4040	;# 
   437   000FC9                     SSPBUF          equ	4041	;# 
   438   000FCA                     T2CON           equ	4042	;# 
   439   000FCB                     PR2             equ	4043	;# 
   440   000FCB                     MEMCON          equ	4043	;# 
   441   000FCC                     TMR2            equ	4044	;# 
   442   000FCD                     T1CON           equ	4045	;# 
   443   000FCE                     TMR1            equ	4046	;# 
   444   000FCE                     TMR1L           equ	4046	;# 
   445   000FCF                     TMR1H           equ	4047	;# 
   446   000FD0                     RCON            equ	4048	;# 
   447   000FD1                     WDTCON          equ	4049	;# 
   448   000FD2                     HLVDCON         equ	4050	;# 
   449   000FD2                     LVDCON          equ	4050	;# 
   450   000FD3                     OSCCON          equ	4051	;# 
   451   000FD5                     T0CON           equ	4053	;# 
   452   000FD6                     TMR0            equ	4054	;# 
   453   000FD6                     TMR0L           equ	4054	;# 
   454   000FD7                     TMR0H           equ	4055	;# 
   455   000FD8                     STATUS          equ	4056	;# 
   456   000FD9                     FSR2            equ	4057	;# 
   457   000FD9                     FSR2L           equ	4057	;# 
   458   000FDA                     FSR2H           equ	4058	;# 
   459   000FDB                     PLUSW2          equ	4059	;# 
   460   000FDC                     PREINC2         equ	4060	;# 
   461   000FDD                     POSTDEC2        equ	4061	;# 
   462   000FDE                     POSTINC2        equ	4062	;# 
   463   000FDF                     INDF2           equ	4063	;# 
   464   000FE0                     BSR             equ	4064	;# 
   465   000FE1                     FSR1            equ	4065	;# 
   466   000FE1                     FSR1L           equ	4065	;# 
   467   000FE2                     FSR1H           equ	4066	;# 
   468   000FE3                     PLUSW1          equ	4067	;# 
   469   000FE4                     PREINC1         equ	4068	;# 
   470   000FE5                     POSTDEC1        equ	4069	;# 
   471   000FE6                     POSTINC1        equ	4070	;# 
   472   000FE7                     INDF1           equ	4071	;# 
   473   000FE8                     WREG            equ	4072	;# 
   474   000FE9                     FSR0            equ	4073	;# 
   475   000FE9                     FSR0L           equ	4073	;# 
   476   000FEA                     FSR0H           equ	4074	;# 
   477   000FEB                     PLUSW0          equ	4075	;# 
   478   000FEC                     PREINC0         equ	4076	;# 
   479   000FED                     POSTDEC0        equ	4077	;# 
   480   000FEE                     POSTINC0        equ	4078	;# 
   481   000FEF                     INDF0           equ	4079	;# 
   482   000FF0                     INTCON3         equ	4080	;# 
   483   000FF1                     INTCON2         equ	4081	;# 
   484   000FF2                     INTCON          equ	4082	;# 
   485   000FF3                     PROD            equ	4083	;# 
   486   000FF3                     PRODL           equ	4083	;# 
   487   000FF4                     PRODH           equ	4084	;# 
   488   000FF5                     TABLAT          equ	4085	;# 
   489   000FF6                     TBLPTR          equ	4086	;# 
   490   000FF6                     TBLPTRL         equ	4086	;# 
   491   000FF7                     TBLPTRH         equ	4087	;# 
   492   000FF8                     TBLPTRU         equ	4088	;# 
   493   000FF9                     PCLAT           equ	4089	;# 
   494   000FF9                     PC              equ	4089	;# 
   495   000FF9                     PCL             equ	4089	;# 
   496   000FFA                     PCLATH          equ	4090	;# 
   497   000FFB                     PCLATU          equ	4091	;# 
   498   000FFC                     STKPTR          equ	4092	;# 
   499   000FFD                     TOS             equ	4093	;# 
   500   000FFD                     TOSL            equ	4093	;# 
   501   000FFE                     TOSH            equ	4094	;# 
   502   000FFF                     TOSU            equ	4095	;# 
   503   000F81                     _PORTB          set	3969
   504   000F93                     _TRISB          set	3987
   505   000F94                     _TRISC          set	3988
   506   007C0B                     _RB3            set	31755
   507   007C13                     _RC3            set	31763
   508   007C0A                     _RB2            set	31754
   509   007C12                     _RC2            set	31762
   510   007C09                     _RB1            set	31753
   511   007C11                     _RC1            set	31761
   512   007C08                     _RB0            set	31752
   513   007C10                     _RC0            set	31760
   514                           
   515                           ; #config settings
   516                           
   517                           	psect	cinit
   518   000748                     __pcinit:
   519                           	callstack 0
   520   000748                     start_initialization:
   521                           	callstack 0
   522   000748                     __initialization:
   523                           	callstack 0
   524   000748                     end_of_initialization:
   525                           	callstack 0
   526   000748                     __end_of__initialization:
   527                           	callstack 0
   528   000748  0100               	movlb	0
   529   00074A  EF01  F003         	goto	_main	;jump to C main() function
   530                           
   531                           	psect	cstackCOMRAM
   532   000001                     __pcstackCOMRAM:
   533                           	callstack 0
   534   000001                     main@once:
   535                           	callstack 0
   536   000001                     
   537                           ; 1 bytes @ 0x0
   538   000001                     	ds	1
   539   000002                     main@once1:
   540                           	callstack 0
   541                           
   542                           ; 1 bytes @ 0x1
   543   000002                     	ds	1
   544   000003                     main@once2:
   545                           	callstack 0
   546                           
   547                           ; 1 bytes @ 0x2
   548   000003                     	ds	1
   549   000004                     main@once3:
   550                           	callstack 0
   551                           
   552                           ; 1 bytes @ 0x3
   553   000004                     	ds	1
   554                           
   555 ;;
   556 ;;Main: autosize = 0, tempsize = 0, incstack = 0, save=0
   557 ;;
   558 ;; *************** function _main *****************
   559 ;; Defined at:
   560 ;;		line 9 in file "newmain.c"
   561 ;; Parameters:    Size  Location     Type
   562 ;;		None
   563 ;; Auto vars:     Size  Location     Type
   564 ;;  once3           1    3[COMRAM] unsigned char 
   565 ;;  once2           1    2[COMRAM] unsigned char 
   566 ;;  once1           1    1[COMRAM] unsigned char 
   567 ;;  once            1    0[COMRAM] unsigned char 
   568 ;; Return value:  Size  Location     Type
   569 ;;                  1    wreg      void 
   570 ;; Registers used:
   571 ;;		wreg, status,2, status,0, cstack
   572 ;; Tracked objects:
   573 ;;		On entry : 0/0
   574 ;;		On exit  : 0/0
   575 ;;		Unchanged: 0/0
   576 ;; Data sizes:     COMRAM   BANK0   BANK1   BANK2   BANK3   BANK4   BANK5
   577 ;;      Params:         0       0       0       0       0       0       0
   578 ;;      Locals:         4       0       0       0       0       0       0
   579 ;;      Temps:          0       0       0       0       0       0       0
   580 ;;      Totals:         4       0       0       0       0       0       0
   581 ;;Total ram usage:        4 bytes
   582 ;; Hardware stack levels required when called: 1
   583 ;; This function calls:
   584 ;;		_init_config
   585 ;; This function is called by:
   586 ;;		Startup code after reset
   587 ;; This function uses a non-reentrant model
   588 ;;
   589                           
   590                           	psect	text0
   591   000602                     __ptext0:
   592                           	callstack 0
   593   000602                     _main:
   594                           	callstack 30
   595   000602                     
   596                           ;newmain.c: 10:     init_config();
   597   000602  EC9D  F003         	call	_init_config	;wreg free
   598   000606                     
   599                           ;newmain.c: 19:     unsigned char once = 1;
   600   000606  0E01               	movlw	1
   601   000608  6E01               	movwf	main@once^0,c
   602   00060A                     
   603                           ;newmain.c: 20:     unsigned char once1 = 1;
   604   00060A  0E01               	movlw	1
   605   00060C  6E02               	movwf	main@once1^0,c
   606   00060E                     
   607                           ;newmain.c: 21:     unsigned char once2 = 1;
   608   00060E  0E01               	movlw	1
   609   000610  6E03               	movwf	main@once2^0,c
   610   000612                     l735:
   611                           
   612                           ;newmain.c: 22:     unsigned char once3 = 1;
   613   000612  0E01               	movlw	1
   614   000614  6E04               	movwf	main@once3^0,c
   615   000616                     l737:
   616                           
   617                           ;newmain.c: 24:     {;newmain.c: 25:         if(RC0 == 0 && once)
   618   000616  B082               	btfsc	3970,0,c	;volatile
   619   000618  EF10  F003         	goto	u11
   620   00061C  EF12  F003         	goto	u10
   621   000620                     u11:
   622   000620  EF26  F003         	goto	l31
   623   000624                     u10:
   624   000624  5001               	movf	main@once^0,w,c
   625   000626  B4D8               	btfsc	status,2,c
   626   000628  EF18  F003         	goto	u21
   627   00062C  EF1A  F003         	goto	u20
   628   000630                     u21:
   629   000630  EF26  F003         	goto	l31
   630   000634                     u20:
   631   000634                     
   632                           ;newmain.c: 26:         {;newmain.c: 27:             once = 0;
   633   000634  6A01               	clrf	main@once^0,c
   634                           
   635                           ;newmain.c: 28:             RB0 = !RB0;
   636   000636  A081               	btfss	3969,0,c	;volatile
   637   000638  EF20  F003         	goto	u31
   638   00063C  EF23  F003         	goto	u30
   639   000640                     u31:
   640   000640  8081               	bsf	3969,0,c	;volatile
   641   000642  EF24  F003         	goto	u45
   642   000646                     u30:
   643   000646  9081               	bcf	3969,0,c	;volatile
   644   000648                     u45:
   645                           
   646                           ;newmain.c: 29:         }
   647   000648  EF2F  F003         	goto	l745
   648   00064C                     l31:
   649   00064C  A082               	btfss	3970,0,c	;volatile
   650   00064E  EF2B  F003         	goto	u51
   651   000652  EF2D  F003         	goto	u50
   652   000656                     u51:
   653   000656  EF2F  F003         	goto	l745
   654   00065A                     u50:
   655   00065A                     
   656                           ;newmain.c: 31:             once = 1;
   657   00065A  0E01               	movlw	1
   658   00065C  6E01               	movwf	main@once^0,c
   659   00065E                     l745:
   660                           
   661                           ;newmain.c: 34:         if(RC1 == 0 && once1)
   662   00065E  B282               	btfsc	3970,1,c	;volatile
   663   000660  EF34  F003         	goto	u61
   664   000664  EF36  F003         	goto	u60
   665   000668                     u61:
   666   000668  EF4A  F003         	goto	l34
   667   00066C                     u60:
   668   00066C  5002               	movf	main@once1^0,w,c
   669   00066E  B4D8               	btfsc	status,2,c
   670   000670  EF3C  F003         	goto	u71
   671   000674  EF3E  F003         	goto	u70
   672   000678                     u71:
   673   000678  EF4A  F003         	goto	l34
   674   00067C                     u70:
   675   00067C                     
   676                           ;newmain.c: 35:         {;newmain.c: 36:             once1 = 0;
   677   00067C  6A02               	clrf	main@once1^0,c
   678                           
   679                           ;newmain.c: 37:             RB1 = !RB1;
   680   00067E  A281               	btfss	3969,1,c	;volatile
   681   000680  EF44  F003         	goto	u81
   682   000684  EF47  F003         	goto	u80
   683   000688                     u81:
   684   000688  8281               	bsf	3969,1,c	;volatile
   685   00068A  EF48  F003         	goto	u95
   686   00068E                     u80:
   687   00068E  9281               	bcf	3969,1,c	;volatile
   688   000690                     u95:
   689                           
   690                           ;newmain.c: 38:         }
   691   000690  EF53  F003         	goto	l753
   692   000694                     l34:
   693   000694  A282               	btfss	3970,1,c	;volatile
   694   000696  EF4F  F003         	goto	u101
   695   00069A  EF51  F003         	goto	u100
   696   00069E                     u101:
   697   00069E  EF53  F003         	goto	l753
   698   0006A2                     u100:
   699   0006A2                     
   700                           ;newmain.c: 40:             once1 = 1;
   701   0006A2  0E01               	movlw	1
   702   0006A4  6E02               	movwf	main@once1^0,c
   703   0006A6                     l753:
   704                           
   705                           ;newmain.c: 42:         if(RC2 == 0 && once2)
   706   0006A6  B482               	btfsc	3970,2,c	;volatile
   707   0006A8  EF58  F003         	goto	u111
   708   0006AC  EF5A  F003         	goto	u110
   709   0006B0                     u111:
   710   0006B0  EF6E  F003         	goto	l37
   711   0006B4                     u110:
   712   0006B4  5003               	movf	main@once2^0,w,c
   713   0006B6  B4D8               	btfsc	status,2,c
   714   0006B8  EF60  F003         	goto	u121
   715   0006BC  EF62  F003         	goto	u120
   716   0006C0                     u121:
   717   0006C0  EF6E  F003         	goto	l37
   718   0006C4                     u120:
   719   0006C4                     
   720                           ;newmain.c: 43:         {;newmain.c: 44:             once2 = 0;
   721   0006C4  6A03               	clrf	main@once2^0,c
   722                           
   723                           ;newmain.c: 45:             RB2 = !RB2;
   724   0006C6  A481               	btfss	3969,2,c	;volatile
   725   0006C8  EF68  F003         	goto	u131
   726   0006CC  EF6B  F003         	goto	u130
   727   0006D0                     u131:
   728   0006D0  8481               	bsf	3969,2,c	;volatile
   729   0006D2  EF6C  F003         	goto	u145
   730   0006D6                     u130:
   731   0006D6  9481               	bcf	3969,2,c	;volatile
   732   0006D8                     u145:
   733                           
   734                           ;newmain.c: 46:         }
   735   0006D8  EF77  F003         	goto	l761
   736   0006DC                     l37:
   737   0006DC  A482               	btfss	3970,2,c	;volatile
   738   0006DE  EF73  F003         	goto	u151
   739   0006E2  EF75  F003         	goto	u150
   740   0006E6                     u151:
   741   0006E6  EF77  F003         	goto	l761
   742   0006EA                     u150:
   743   0006EA                     
   744                           ;newmain.c: 48:             once2 = 1;
   745   0006EA  0E01               	movlw	1
   746   0006EC  6E03               	movwf	main@once2^0,c
   747   0006EE                     l761:
   748                           
   749                           ;newmain.c: 50:         if(RC3 == 0 && once3)
   750   0006EE  B682               	btfsc	3970,3,c	;volatile
   751   0006F0  EF7C  F003         	goto	u161
   752   0006F4  EF7E  F003         	goto	u160
   753   0006F8                     u161:
   754   0006F8  EF92  F003         	goto	l40
   755   0006FC                     u160:
   756   0006FC  5004               	movf	main@once3^0,w,c
   757   0006FE  B4D8               	btfsc	status,2,c
   758   000700  EF84  F003         	goto	u171
   759   000704  EF86  F003         	goto	u170
   760   000708                     u171:
   761   000708  EF92  F003         	goto	l40
   762   00070C                     u170:
   763   00070C                     
   764                           ;newmain.c: 51:         {;newmain.c: 52:             once3 = 0;
   765   00070C  6A04               	clrf	main@once3^0,c
   766                           
   767                           ;newmain.c: 53:             RB3 = !RB3;
   768   00070E  A681               	btfss	3969,3,c	;volatile
   769   000710  EF8C  F003         	goto	u181
   770   000714  EF8F  F003         	goto	u180
   771   000718                     u181:
   772   000718  8681               	bsf	3969,3,c	;volatile
   773   00071A  EF90  F003         	goto	u195
   774   00071E                     u180:
   775   00071E  9681               	bcf	3969,3,c	;volatile
   776   000720                     u195:
   777                           
   778                           ;newmain.c: 54:         }
   779   000720  EF0B  F003         	goto	l737
   780   000724                     l40:
   781   000724  A682               	btfss	3970,3,c	;volatile
   782   000726  EF97  F003         	goto	u201
   783   00072A  EF99  F003         	goto	u200
   784   00072E                     u201:
   785   00072E  EF0B  F003         	goto	l737
   786   000732                     u200:
   787   000732  EF09  F003         	goto	l735
   788   000736  EF00  F000         	goto	start
   789   00073A                     __end_of_main:
   790                           	callstack 0
   791                           
   792 ;; *************** function _init_config *****************
   793 ;; Defined at:
   794 ;;		line 2 in file "newmain.c"
   795 ;; Parameters:    Size  Location     Type
   796 ;;		None
   797 ;; Auto vars:     Size  Location     Type
   798 ;;		None
   799 ;; Return value:  Size  Location     Type
   800 ;;                  1    wreg      void 
   801 ;; Registers used:
   802 ;;		wreg, status,2, status,0
   803 ;; Tracked objects:
   804 ;;		On entry : 0/0
   805 ;;		On exit  : 0/0
   806 ;;		Unchanged: 0/0
   807 ;; Data sizes:     COMRAM   BANK0   BANK1   BANK2   BANK3   BANK4   BANK5
   808 ;;      Params:         0       0       0       0       0       0       0
   809 ;;      Locals:         0       0       0       0       0       0       0
   810 ;;      Temps:          0       0       0       0       0       0       0
   811 ;;      Totals:         0       0       0       0       0       0       0
   812 ;;Total ram usage:        0 bytes
   813 ;; Hardware stack levels used: 1
   814 ;; This function calls:
   815 ;;		Nothing
   816 ;; This function is called by:
   817 ;;		_main
   818 ;; This function uses a non-reentrant model
   819 ;;
   820                           
   821                           	psect	text1
   822   00073A                     __ptext1:
   823                           	callstack 0
   824   00073A                     _init_config:
   825                           	callstack 30
   826   00073A                     
   827                           ;newmain.c: 4:     TRISC = (TRISC & 0xF0) | 0x0F;
   828   00073A  5094               	movf	148,w,c	;volatile
   829   00073C  0BF0               	andlw	240
   830   00073E  090F               	iorlw	15
   831   000740  6E94               	movwf	148,c	;volatile
   832   000742                     
   833                           ;newmain.c: 5:     TRISB = 0x00;
   834   000742  6A93               	clrf	147,c	;volatile
   835   000744                     
   836                           ;newmain.c: 6:     PORTB = 0x00;
   837   000744  6A81               	clrf	129,c	;volatile
   838   000746  0012               	return		;funcret
   839   000748                     __end_of_init_config:
   840                           	callstack 0
   841                           
   842                           	psect	smallconst
   843   000600                     __psmallconst:
   844                           	callstack 0
   845   000600  00                 	db	0
   846   000601  00                 	db	0	; dummy byte at the end
   847   000000                     __activetblptr  equ	0
   848                           
   849                           	psect	rparam
   850   000001                     ___rparam_used  equ	1
   851   000000                     ___param_bank   equ	0
   852   000000                     __Lparam        equ	__Lrparam
   853   000000                     __Hparam        equ	__Hrparam
   854                           
   855                           	psect	idloc
   856                           
   857                           ;Config register IDLOC0 @ 0x200000
   858                           ;	unspecified, using default values
   859   200000                     	org	2097152
   860   200000  FF                 	db	255
   861                           
   862                           ;Config register IDLOC1 @ 0x200001
   863                           ;	unspecified, using default values
   864   200001                     	org	2097153
   865   200001  FF                 	db	255
   866                           
   867                           ;Config register IDLOC2 @ 0x200002
   868                           ;	unspecified, using default values
   869   200002                     	org	2097154
   870   200002  FF                 	db	255
   871                           
   872                           ;Config register IDLOC3 @ 0x200003
   873                           ;	unspecified, using default values
   874   200003                     	org	2097155
   875   200003  FF                 	db	255
   876                           
   877                           ;Config register IDLOC4 @ 0x200004
   878                           ;	unspecified, using default values
   879   200004                     	org	2097156
   880   200004  FF                 	db	255
   881                           
   882                           ;Config register IDLOC5 @ 0x200005
   883                           ;	unspecified, using default values
   884   200005                     	org	2097157
   885   200005  FF                 	db	255
   886                           
   887                           ;Config register IDLOC6 @ 0x200006
   888                           ;	unspecified, using default values
   889   200006                     	org	2097158
   890   200006  FF                 	db	255
   891                           
   892                           ;Config register IDLOC7 @ 0x200007
   893                           ;	unspecified, using default values
   894   200007                     	org	2097159
   895   200007  FF                 	db	255
   896                           
   897                           	psect	config
   898                           
   899                           ; Padding undefined space
   900   300000                     	org	3145728
   901   300000  FF                 	db	255
   902                           
   903                           ;Config register CONFIG1H @ 0x300001
   904                           ;	unspecified, using default values
   905                           ;	Oscillator Selection bits
   906                           ;	OSC = 0x7, unprogrammed default
   907                           ;	Fail-Safe Clock Monitor Enable bit
   908                           ;	FCMEN = 0x0, unprogrammed default
   909                           ;	Internal/External Oscillator Switchover bit
   910                           ;	IESO = 0x0, unprogrammed default
   911   300001                     	org	3145729
   912   300001  07                 	db	7
   913                           
   914                           ;Config register CONFIG2L @ 0x300002
   915                           ;	unspecified, using default values
   916                           ;	Power-up Timer Enable bit
   917                           ;	PWRT = 0x1, unprogrammed default
   918                           ;	Brown-out Reset Enable bits
   919                           ;	BOREN = 0x3, unprogrammed default
   920                           ;	Brown-out Reset Voltage bits
   921                           ;	BORV = 0x3, unprogrammed default
   922   300002                     	org	3145730
   923   300002  1F                 	db	31
   924                           
   925                           ;Config register CONFIG2H @ 0x300003
   926                           ;	unspecified, using default values
   927                           ;	Watchdog Timer Enable bit
   928                           ;	WDT = 0x1, unprogrammed default
   929                           ;	Watchdog Timer Postscale Select bits
   930                           ;	WDTPS = 0xF, unprogrammed default
   931   300003                     	org	3145731
   932   300003  1F                 	db	31
   933                           
   934                           ; Padding undefined space
   935   300004                     	org	3145732
   936   300004  FF                 	db	255
   937                           
   938                           ;Config register CONFIG3H @ 0x300005
   939                           ;	unspecified, using default values
   940                           ;	PORTB A/D Enable bit
   941                           ;	PBADEN = 0x1, unprogrammed default
   942                           ;	Low-Power Timer 1 Oscillator Enable bit
   943                           ;	LPT1OSC = 0x0, unprogrammed default
   944                           ;	MCLR Pin Enable bit
   945                           ;	MCLRE = 0x1, unprogrammed default
   946   300005                     	org	3145733
   947   300005  82                 	db	130
   948                           
   949                           ;Config register CONFIG4L @ 0x300006
   950                           ;	unspecified, using default values
   951                           ;	Stack Full/Underflow Reset Enable bit
   952                           ;	STVREN = 0x1, unprogrammed default
   953                           ;	Single-Supply ICSP Enable bit
   954                           ;	LVP = 0x1, unprogrammed default
   955                           ;	Boot Block Size Select bit
   956                           ;	BBSIZ = 0x0, unprogrammed default
   957                           ;	Extended Instruction Set Enable bit
   958                           ;	XINST = 0x0, unprogrammed default
   959                           ;	Background Debugger Enable bit
   960                           ;	DEBUG = 0x1, unprogrammed default
   961   300006                     	org	3145734
   962   300006  85                 	db	133
   963                           
   964                           ; Padding undefined space
   965   300007                     	org	3145735
   966   300007  FF                 	db	255
   967                           
   968                           ;Config register CONFIG5L @ 0x300008
   969                           ;	unspecified, using default values
   970                           ;	Code Protection bit
   971                           ;	CP0 = 0x1, unprogrammed default
   972                           ;	Code Protection bit
   973                           ;	CP1 = 0x1, unprogrammed default
   974                           ;	Code Protection bit
   975                           ;	CP2 = 0x1, unprogrammed default
   976                           ;	Code Protection bit
   977                           ;	CP3 = 0x1, unprogrammed default
   978   300008                     	org	3145736
   979   300008  0F                 	db	15
   980                           
   981                           ;Config register CONFIG5H @ 0x300009
   982                           ;	unspecified, using default values
   983                           ;	Boot Block Code Protection bit
   984                           ;	CPB = 0x1, unprogrammed default
   985                           ;	Data EEPROM Code Protection bit
   986                           ;	CPD = 0x1, unprogrammed default
   987   300009                     	org	3145737
   988   300009  C0                 	db	192
   989                           
   990                           ;Config register CONFIG6L @ 0x30000A
   991                           ;	unspecified, using default values
   992                           ;	Write Protection bit
   993                           ;	WRT0 = 0x1, unprogrammed default
   994                           ;	Write Protection bit
   995                           ;	WRT1 = 0x1, unprogrammed default
   996                           ;	Write Protection bit
   997                           ;	WRT2 = 0x1, unprogrammed default
   998                           ;	Write Protection bit
   999                           ;	WRT3 = 0x1, unprogrammed default
  1000   30000A                     	org	3145738
  1001   30000A  0F                 	db	15
  1002                           
  1003                           ;Config register CONFIG6H @ 0x30000B
  1004                           ;	unspecified, using default values
  1005                           ;	Configuration Register Write Protection bit
  1006                           ;	WRTC = 0x1, unprogrammed default
  1007                           ;	Boot Block Write Protection bit
  1008                           ;	WRTB = 0x1, unprogrammed default
  1009                           ;	Data EEPROM Write Protection bit
  1010                           ;	WRTD = 0x1, unprogrammed default
  1011   30000B                     	org	3145739
  1012   30000B  E0                 	db	224
  1013                           
  1014                           ;Config register CONFIG7L @ 0x30000C
  1015                           ;	unspecified, using default values
  1016                           ;	Table Read Protection bit
  1017                           ;	EBTR0 = 0x1, unprogrammed default
  1018                           ;	Table Read Protection bit
  1019                           ;	EBTR1 = 0x1, unprogrammed default
  1020                           ;	Table Read Protection bit
  1021                           ;	EBTR2 = 0x1, unprogrammed default
  1022                           ;	Table Read Protection bit
  1023                           ;	EBTR3 = 0x1, unprogrammed default
  1024   30000C                     	org	3145740
  1025   30000C  0F                 	db	15
  1026                           
  1027                           ;Config register CONFIG7H @ 0x30000D
  1028                           ;	unspecified, using default values
  1029                           ;	Boot Block Table Read Protection bit
  1030                           ;	EBTRB = 0x1, unprogrammed default
  1031   30000D                     	org	3145741
  1032   30000D  40                 	db	64
  1033                           tosu	equ	0xFFF
  1034                           tosh	equ	0xFFE
  1035                           tosl	equ	0xFFD
  1036                           stkptr	equ	0xFFC
  1037                           pclatu	equ	0xFFB
  1038                           pclath	equ	0xFFA
  1039                           pcl	equ	0xFF9
  1040                           tblptru	equ	0xFF8
  1041                           tblptrh	equ	0xFF7
  1042                           tblptrl	equ	0xFF6
  1043                           tablat	equ	0xFF5
  1044                           prodh	equ	0xFF4
  1045                           prodl	equ	0xFF3
  1046                           indf0	equ	0xFEF
  1047                           postinc0	equ	0xFEE
  1048                           postdec0	equ	0xFED
  1049                           preinc0	equ	0xFEC
  1050                           plusw0	equ	0xFEB
  1051                           fsr0h	equ	0xFEA
  1052                           fsr0l	equ	0xFE9
  1053                           wreg	equ	0xFE8
  1054                           indf1	equ	0xFE7
  1055                           postinc1	equ	0xFE6
  1056                           postdec1	equ	0xFE5
  1057                           preinc1	equ	0xFE4
  1058                           plusw1	equ	0xFE3
  1059                           fsr1h	equ	0xFE2
  1060                           fsr1l	equ	0xFE1
  1061                           bsr	equ	0xFE0
  1062                           indf2	equ	0xFDF
  1063                           postinc2	equ	0xFDE
  1064                           postdec2	equ	0xFDD
  1065                           preinc2	equ	0xFDC
  1066                           plusw2	equ	0xFDB
  1067                           fsr2h	equ	0xFDA
  1068                           fsr2l	equ	0xFD9
  1069                           status	equ	0xFD8

Data Sizes:
    Strings     0
    Constant    0
    Data        0
    BSS         0
    Persistent  0
    Stack       0

Auto Spaces:
    Space          Size  Autos    Used
    COMRAM           95      4       4
    BANK0           160      0       0
    BANK1           256      0       0
    BANK2           256      0       0
    BANK3           256      0       0
    BANK4           256      0       0
    BANK5           256      0       0

Pointer List with Targets:

    None.

Critical Paths under _main in COMRAM

    None.

Critical Paths under _main in BANK0

    None.

Critical Paths under _main in BANK1

    None.

Critical Paths under _main in BANK2

    None.

Critical Paths under _main in BANK3

    None.

Critical Paths under _main in BANK4

    None.

Critical Paths under _main in BANK5

    None.

Call Graph Tables:

 ---------------------------------------------------------------------------------
 (Depth) Function   	        Calls       Base Space   Used Autos Params    Refs
 ---------------------------------------------------------------------------------
 (0) _main                                                 4     4      0      60
                                              0 COMRAM     4     4      0
                        _init_config
 ---------------------------------------------------------------------------------
 (1) _init_config                                          0     0      0       0
 ---------------------------------------------------------------------------------
 Estimated maximum stack depth 1
 ---------------------------------------------------------------------------------

 Call Graph Graphs:

 _main (ROOT)
   _init_config

Address spaces:
Name               Size   Autos  Total    Usage
BITCOMRAM           95      0       0      0.0%
BITBANK0           160      0       0      0.0%
BITBANK1           256      0       0      0.0%
BITBANK2           256      0       0      0.0%
BITBANK3           256      0       0      0.0%
BITBANK4           256      0       0      0.0%
BITBANK5           256      0       0      0.0%
BITBIGSFRl         641      0       0      0.0%
BITBIGSFRh         126      0       0      0.0%
COMRAM              95      4       4      4.2%
BANK0              160      0       0      0.0%
BANK1              256      0       0      0.0%
BANK2              256      0       0      0.0%
BANK3              256      0       0      0.0%
BANK4              256      0       0      0.0%
BANK5              256      0       0      0.0%
BIGRAM            1535      0       0      0.0%
STACK                0      0       0      0.0%
DATA                 0      0       4      0.0%


Microchip Technology PIC18 Macro Assembler V2.50 build 20240725155939 
Symbol Table                                                                                   Sat Dec 21 21:26:53 2024

                     l31 064C                       l40 0724                       l25 0746  
                     l34 0694                       l37 06DC                       u10 0624  
                     u11 0620                       u20 0634                       u21 0630  
                     u30 0646                       u31 0640                       u50 065A  
                     u51 0656                       u60 066C                       u61 0668  
                     u45 0648                       u70 067C                       u71 0678  
                     u80 068E                       u81 0688                       u95 0690  
                    l721 073A                      l723 0742                      l731 060A  
                    l725 0744                      l741 0634                      l733 060E  
                    l751 06A2                      l743 065A                      l735 0612  
                    l727 0602                      l761 06EE                      l753 06A6  
                    l745 065E                      l737 0616                      l729 0606  
                    l763 06FC                      l755 06B4                      l747 066C  
                    l739 0624                      l765 070C                      l757 06C4  
                    l749 067C                      l759 06EA                      _RB0 7C08  
                    _RB1 7C09                      _RC0 7C10                      _RB2 7C0A  
                    _RC1 7C11                      _RB3 7C0B                      _RC2 7C12  
                    _RC3 7C13                      u100 06A2                      u101 069E  
                    u110 06B4                      u111 06B0                      u200 0732  
                    u120 06C4                      u201 072E                      u121 06C0  
                    u130 06D6                      u131 06D0                      u150 06EA  
                    u151 06E6                      u160 06FC                      u161 06F8  
                    u145 06D8                      u170 070C                      u171 0708  
                    u180 071E                      u181 0718                      u195 0720  
                   _main 0602                     start 0000             ___param_bank 0000  
                  ?_main 0001             ?_init_config 0001                    _PORTB 0F81  
                  _TRISB 0F93                    _TRISC 0F94                    status 0FD8  
        __initialization 0748             __end_of_main 073A                   ??_main 0001  
          __activetblptr 0000                   isa$std 0001             __mediumconst 0000  
             __accesstop 0060  __end_of__initialization 0748            ___rparam_used 0001  
         __pcstackCOMRAM 0001                  __Hparam 0000                  __Lparam 0000  
           __psmallconst 0600                  __pcinit 0748                  __ramtop 0600  
                __ptext0 0602                  __ptext1 073A     end_of_initialization 0748  
    start_initialization 0748            ??_init_config 0001              __smallconst 0600  
    __end_of_init_config 0748                main@once1 0002                main@once2 0003  
              main@once3 0004                 __Hrparam 0000                 __Lrparam 0000  
            _init_config 073A                 isa$xinst 0000                 main@once 0001  
